CRITICAL - 2025-04-11 21:59:47 --> ErrorException: Undefined array key "vecesAlimentado"
[Method: GET, Route: reportes]
in APPPATH\Views\reportes.php on line 61.
 1 APPPATH\Views\reportes.php(61): CodeIgniter\Debug\Exceptions->errorHandler(2, 'Undefined array key "vecesAlimentado"', 'C:\\xampp\\htdocs\\comederoweb\\app\\Views\\reportes.php', 61)
 2 SYSTEMPATH\View\View.php(224): include('C:\\xampp\\htdocs\\comederoweb\\app\\Views\\reportes.php')
 3 SYSTEMPATH\View\View.php(227): CodeIgniter\View\View->CodeIgniter\View\{closure}()
 4 SYSTEMPATH\Common.php(1173): CodeIgniter\View\View->render('reportes', [], true)
 5 APPPATH\Controllers\ReportesController.php(12): view('reportes', [...])
 6 SYSTEMPATH\CodeIgniter.php(933): App\Controllers\ReportesController->reportes()
 7 SYSTEMPATH\CodeIgniter.php(507): CodeIgniter\CodeIgniter->runController(Object(App\Controllers\ReportesController))
 8 SYSTEMPATH\CodeIgniter.php(354): CodeIgniter\CodeIgniter->handleRequest(null, Object(Config\Cache), false)
 9 SYSTEMPATH\Boot.php(334): CodeIgniter\CodeIgniter->run()
10 SYSTEMPATH\Boot.php(67): CodeIgniter\Boot::runCodeIgniter(Object(CodeIgniter\CodeIgniter))
11 FCPATH\index.php(56): CodeIgniter\Boot::bootWeb(Object(Config\Paths))
12 SYSTEMPATH\rewrite.php(44): require_once('C:\\xampp\\htdocs\\comederoweb\\public\\index.php')
CRITICAL - 2025-04-11 22:00:45 --> ErrorException: Undefined array key "vecesAlimentado"
[Method: GET, Route: reportes]
in APPPATH\Views\reportes.php on line 61.
 1 APPPATH\Views\reportes.php(61): CodeIgniter\Debug\Exceptions->errorHandler(2, 'Undefined array key "vecesAlimentado"', 'C:\\xampp\\htdocs\\comederoweb\\app\\Views\\reportes.php', 61)
 2 SYSTEMPATH\View\View.php(224): include('C:\\xampp\\htdocs\\comederoweb\\app\\Views\\reportes.php')
 3 SYSTEMPATH\View\View.php(227): CodeIgniter\View\View->CodeIgniter\View\{closure}()
 4 SYSTEMPATH\Common.php(1173): CodeIgniter\View\View->render('reportes', [], true)
 5 APPPATH\Controllers\ReportesController.php(12): view('reportes', [...])
 6 SYSTEMPATH\CodeIgniter.php(933): App\Controllers\ReportesController->reportes()
 7 SYSTEMPATH\CodeIgniter.php(507): CodeIgniter\CodeIgniter->runController(Object(App\Controllers\ReportesController))
 8 SYSTEMPATH\CodeIgniter.php(354): CodeIgniter\CodeIgniter->handleRequest(null, Object(Config\Cache), false)
 9 SYSTEMPATH\Boot.php(334): CodeIgniter\CodeIgniter->run()
10 SYSTEMPATH\Boot.php(67): CodeIgniter\Boot::runCodeIgniter(Object(CodeIgniter\CodeIgniter))
11 FCPATH\index.php(56): CodeIgniter\Boot::bootWeb(Object(Config\Paths))
12 SYSTEMPATH\rewrite.php(44): require_once('C:\\xampp\\htdocs\\comederoweb\\public\\index.php')
CRITICAL - 2025-04-11 22:02:36 --> ErrorException: Undefined array key "vecesAlimentado"
[Method: GET, Route: reportes]
in APPPATH\Views\reportes.php on line 61.
 1 APPPATH\Views\reportes.php(61): CodeIgniter\Debug\Exceptions->errorHandler(2, 'Undefined array key "vecesAlimentado"', 'C:\\xampp\\htdocs\\comederoweb\\app\\Views\\reportes.php', 61)
 2 SYSTEMPATH\View\View.php(224): include('C:\\xampp\\htdocs\\comederoweb\\app\\Views\\reportes.php')
 3 SYSTEMPATH\View\View.php(227): CodeIgniter\View\View->CodeIgniter\View\{closure}()
 4 SYSTEMPATH\Common.php(1173): CodeIgniter\View\View->render('reportes', [], true)
 5 APPPATH\Controllers\ReportesController.php(12): view('reportes', [...])
 6 SYSTEMPATH\CodeIgniter.php(933): App\Controllers\ReportesController->reportes()
 7 SYSTEMPATH\CodeIgniter.php(507): CodeIgniter\CodeIgniter->runController(Object(App\Controllers\ReportesController))
 8 SYSTEMPATH\CodeIgniter.php(354): CodeIgniter\CodeIgniter->handleRequest(null, Object(Config\Cache), false)
 9 SYSTEMPATH\Boot.php(334): CodeIgniter\CodeIgniter->run()
10 SYSTEMPATH\Boot.php(67): CodeIgniter\Boot::runCodeIgniter(Object(CodeIgniter\CodeIgniter))
11 FCPATH\index.php(56): CodeIgniter\Boot::bootWeb(Object(Config\Paths))
12 SYSTEMPATH\rewrite.php(44): require_once('C:\\xampp\\htdocs\\comederoweb\\public\\index.php')
CRITICAL - 2025-04-11 22:09:32 --> ErrorException: Undefined array key "vecesAlimentado"
[Method: GET, Route: reportes]
in APPPATH\Views\reportes.php on line 61.
 1 APPPATH\Views\reportes.php(61): CodeIgniter\Debug\Exceptions->errorHandler(2, 'Undefined array key "vecesAlimentado"', 'C:\\xampp\\htdocs\\comederoweb\\app\\Views\\reportes.php', 61)
 2 SYSTEMPATH\View\View.php(224): include('C:\\xampp\\htdocs\\comederoweb\\app\\Views\\reportes.php')
 3 SYSTEMPATH\View\View.php(227): CodeIgniter\View\View->CodeIgniter\View\{closure}()
 4 SYSTEMPATH\Common.php(1173): CodeIgniter\View\View->render('reportes', [], true)
 5 APPPATH\Controllers\ReportesController.php(12): view('reportes', [...])
 6 SYSTEMPATH\CodeIgniter.php(933): App\Controllers\ReportesController->reportes()
 7 SYSTEMPATH\CodeIgniter.php(507): CodeIgniter\CodeIgniter->runController(Object(App\Controllers\ReportesController))
 8 SYSTEMPATH\CodeIgniter.php(354): CodeIgniter\CodeIgniter->handleRequest(null, Object(Config\Cache), false)
 9 SYSTEMPATH\Boot.php(334): CodeIgniter\CodeIgniter->run()
10 SYSTEMPATH\Boot.php(67): CodeIgniter\Boot::runCodeIgniter(Object(CodeIgniter\CodeIgniter))
11 FCPATH\index.php(56): CodeIgniter\Boot::bootWeb(Object(Config\Paths))
12 SYSTEMPATH\rewrite.php(44): require_once('C:\\xampp\\htdocs\\comederoweb\\public\\index.php')
CRITICAL - 2025-04-11 22:12:33 --> ErrorException: Undefined array key "vecesAlimentado"
[Method: GET, Route: reportes]
in APPPATH\Views\reportes.php on line 61.
 1 APPPATH\Views\reportes.php(61): CodeIgniter\Debug\Exceptions->errorHandler(2, 'Undefined array key "vecesAlimentado"', 'C:\\xampp\\htdocs\\comederoweb\\app\\Views\\reportes.php', 61)
 2 SYSTEMPATH\View\View.php(224): include('C:\\xampp\\htdocs\\comederoweb\\app\\Views\\reportes.php')
 3 SYSTEMPATH\View\View.php(227): CodeIgniter\View\View->CodeIgniter\View\{closure}()
 4 SYSTEMPATH\Common.php(1173): CodeIgniter\View\View->render('reportes', [], true)
 5 APPPATH\Controllers\ReportesController.php(12): view('reportes', [...])
 6 SYSTEMPATH\CodeIgniter.php(933): App\Controllers\ReportesController->reportes()
 7 SYSTEMPATH\CodeIgniter.php(507): CodeIgniter\CodeIgniter->runController(Object(App\Controllers\ReportesController))
 8 SYSTEMPATH\CodeIgniter.php(354): CodeIgniter\CodeIgniter->handleRequest(null, Object(Config\Cache), false)
 9 SYSTEMPATH\Boot.php(334): CodeIgniter\CodeIgniter->run()
10 SYSTEMPATH\Boot.php(67): CodeIgniter\Boot::runCodeIgniter(Object(CodeIgniter\CodeIgniter))
11 FCPATH\index.php(56): CodeIgniter\Boot::bootWeb(Object(Config\Paths))
12 SYSTEMPATH\rewrite.php(44): require_once('C:\\xampp\\htdocs\\comederoweb\\public\\index.php')
CRITICAL - 2025-04-11 22:13:58 --> ErrorException: Undefined array key "vecesAlimentado"
[Method: GET, Route: reportes]
in APPPATH\Views\reportes.php on line 61.
 1 APPPATH\Views\reportes.php(61): CodeIgniter\Debug\Exceptions->errorHandler(2, 'Undefined array key "vecesAlimentado"', 'C:\\xampp\\htdocs\\comederoweb\\app\\Views\\reportes.php', 61)
 2 SYSTEMPATH\View\View.php(224): include('C:\\xampp\\htdocs\\comederoweb\\app\\Views\\reportes.php')
 3 SYSTEMPATH\View\View.php(227): CodeIgniter\View\View->CodeIgniter\View\{closure}()
 4 SYSTEMPATH\Common.php(1173): CodeIgniter\View\View->render('reportes', [], true)
 5 APPPATH\Controllers\ReportesController.php(12): view('reportes', [...])
 6 SYSTEMPATH\CodeIgniter.php(933): App\Controllers\ReportesController->reportes()
 7 SYSTEMPATH\CodeIgniter.php(507): CodeIgniter\CodeIgniter->runController(Object(App\Controllers\ReportesController))
 8 SYSTEMPATH\CodeIgniter.php(354): CodeIgniter\CodeIgniter->handleRequest(null, Object(Config\Cache), false)
 9 SYSTEMPATH\Boot.php(334): CodeIgniter\CodeIgniter->run()
10 SYSTEMPATH\Boot.php(67): CodeIgniter\Boot::runCodeIgniter(Object(CodeIgniter\CodeIgniter))
11 FCPATH\index.php(56): CodeIgniter\Boot::bootWeb(Object(Config\Paths))
12 SYSTEMPATH\rewrite.php(44): require_once('C:\\xampp\\htdocs\\comederoweb\\public\\index.php')
CRITICAL - 2025-04-11 22:13:59 --> ErrorException: Undefined array key "vecesAlimentado"
[Method: GET, Route: reportes]
in APPPATH\Views\reportes.php on line 61.
 1 APPPATH\Views\reportes.php(61): CodeIgniter\Debug\Exceptions->errorHandler(2, 'Undefined array key "vecesAlimentado"', 'C:\\xampp\\htdocs\\comederoweb\\app\\Views\\reportes.php', 61)
 2 SYSTEMPATH\View\View.php(224): include('C:\\xampp\\htdocs\\comederoweb\\app\\Views\\reportes.php')
 3 SYSTEMPATH\View\View.php(227): CodeIgniter\View\View->CodeIgniter\View\{closure}()
 4 SYSTEMPATH\Common.php(1173): CodeIgniter\View\View->render('reportes', [], true)
 5 APPPATH\Controllers\ReportesController.php(12): view('reportes', [...])
 6 SYSTEMPATH\CodeIgniter.php(933): App\Controllers\ReportesController->reportes()
 7 SYSTEMPATH\CodeIgniter.php(507): CodeIgniter\CodeIgniter->runController(Object(App\Controllers\ReportesController))
 8 SYSTEMPATH\CodeIgniter.php(354): CodeIgniter\CodeIgniter->handleRequest(null, Object(Config\Cache), false)
 9 SYSTEMPATH\Boot.php(334): CodeIgniter\CodeIgniter->run()
10 SYSTEMPATH\Boot.php(67): CodeIgniter\Boot::runCodeIgniter(Object(CodeIgniter\CodeIgniter))
11 FCPATH\index.php(56): CodeIgniter\Boot::bootWeb(Object(Config\Paths))
12 SYSTEMPATH\rewrite.php(44): require_once('C:\\xampp\\htdocs\\comederoweb\\public\\index.php')
CRITICAL - 2025-04-11 22:16:58 --> ErrorException: Undefined array key "vecesAlimentado"
[Method: GET, Route: reportes]
in APPPATH\Views\reportes.php on line 61.
 1 APPPATH\Views\reportes.php(61): CodeIgniter\Debug\Exceptions->errorHandler(2, 'Undefined array key "vecesAlimentado"', 'C:\\xampp\\htdocs\\comederoweb\\app\\Views\\reportes.php', 61)
 2 SYSTEMPATH\View\View.php(224): include('C:\\xampp\\htdocs\\comederoweb\\app\\Views\\reportes.php')
 3 SYSTEMPATH\View\View.php(227): CodeIgniter\View\View->CodeIgniter\View\{closure}()
 4 SYSTEMPATH\Common.php(1173): CodeIgniter\View\View->render('reportes', [], true)
 5 APPPATH\Controllers\ReportesController.php(12): view('reportes', [...])
 6 SYSTEMPATH\CodeIgniter.php(933): App\Controllers\ReportesController->reportes()
 7 SYSTEMPATH\CodeIgniter.php(507): CodeIgniter\CodeIgniter->runController(Object(App\Controllers\ReportesController))
 8 SYSTEMPATH\CodeIgniter.php(354): CodeIgniter\CodeIgniter->handleRequest(null, Object(Config\Cache), false)
 9 SYSTEMPATH\Boot.php(334): CodeIgniter\CodeIgniter->run()
10 SYSTEMPATH\Boot.php(67): CodeIgniter\Boot::runCodeIgniter(Object(CodeIgniter\CodeIgniter))
11 FCPATH\index.php(56): CodeIgniter\Boot::bootWeb(Object(Config\Paths))
12 SYSTEMPATH\rewrite.php(44): require_once('C:\\xampp\\htdocs\\comederoweb\\public\\index.php')
CRITICAL - 2025-04-11 22:19:16 --> ErrorException: Undefined array key "vecesAlimentado"
[Method: GET, Route: reportes]
in APPPATH\Views\reportes.php on line 61.
 1 APPPATH\Views\reportes.php(61): CodeIgniter\Debug\Exceptions->errorHandler(2, 'Undefined array key "vecesAlimentado"', 'C:\\xampp\\htdocs\\comederoweb\\app\\Views\\reportes.php', 61)
 2 SYSTEMPATH\View\View.php(224): include('C:\\xampp\\htdocs\\comederoweb\\app\\Views\\reportes.php')
 3 SYSTEMPATH\View\View.php(227): CodeIgniter\View\View->CodeIgniter\View\{closure}()
 4 SYSTEMPATH\Common.php(1173): CodeIgniter\View\View->render('reportes', [], true)
 5 APPPATH\Controllers\ReportesController.php(12): view('reportes', [...])
 6 SYSTEMPATH\CodeIgniter.php(933): App\Controllers\ReportesController->reportes()
 7 SYSTEMPATH\CodeIgniter.php(507): CodeIgniter\CodeIgniter->runController(Object(App\Controllers\ReportesController))
 8 SYSTEMPATH\CodeIgniter.php(354): CodeIgniter\CodeIgniter->handleRequest(null, Object(Config\Cache), false)
 9 SYSTEMPATH\Boot.php(334): CodeIgniter\CodeIgniter->run()
10 SYSTEMPATH\Boot.php(67): CodeIgniter\Boot::runCodeIgniter(Object(CodeIgniter\CodeIgniter))
11 FCPATH\index.php(56): CodeIgniter\Boot::bootWeb(Object(Config\Paths))
12 SYSTEMPATH\rewrite.php(44): require_once('C:\\xampp\\htdocs\\comederoweb\\public\\index.php')
CRITICAL - 2025-04-11 22:20:21 --> ErrorException: Undefined array key "vecesAlimentado"
[Method: GET, Route: Reportes]
in APPPATH\Views\reportes.php on line 61.
 1 APPPATH\Views\reportes.php(61): CodeIgniter\Debug\Exceptions->errorHandler(2, 'Undefined array key "vecesAlimentado"', 'C:\\xampp\\htdocs\\comederoweb\\app\\Views\\reportes.php', 61)
 2 SYSTEMPATH\View\View.php(224): include('C:\\xampp\\htdocs\\comederoweb\\app\\Views\\reportes.php')
 3 SYSTEMPATH\View\View.php(227): CodeIgniter\View\View->CodeIgniter\View\{closure}()
 4 SYSTEMPATH\Common.php(1173): CodeIgniter\View\View->render('reportes', [], true)
 5 APPPATH\Controllers\ReportesController.php(12): view('reportes', [...])
 6 SYSTEMPATH\CodeIgniter.php(933): App\Controllers\ReportesController->reportes()
 7 SYSTEMPATH\CodeIgniter.php(507): CodeIgniter\CodeIgniter->runController(Object(App\Controllers\ReportesController))
 8 SYSTEMPATH\CodeIgniter.php(354): CodeIgniter\CodeIgniter->handleRequest(null, Object(Config\Cache), false)
 9 SYSTEMPATH\Boot.php(334): CodeIgniter\CodeIgniter->run()
10 SYSTEMPATH\Boot.php(67): CodeIgniter\Boot::runCodeIgniter(Object(CodeIgniter\CodeIgniter))
11 FCPATH\index.php(56): CodeIgniter\Boot::bootWeb(Object(Config\Paths))
12 SYSTEMPATH\rewrite.php(44): require_once('C:\\xampp\\htdocs\\comederoweb\\public\\index.php')
CRITICAL - 2025-04-11 22:20:22 --> ErrorException: Undefined array key "vecesAlimentado"
[Method: GET, Route: Reportes]
in APPPATH\Views\reportes.php on line 61.
 1 APPPATH\Views\reportes.php(61): CodeIgniter\Debug\Exceptions->errorHandler(2, 'Undefined array key "vecesAlimentado"', 'C:\\xampp\\htdocs\\comederoweb\\app\\Views\\reportes.php', 61)
 2 SYSTEMPATH\View\View.php(224): include('C:\\xampp\\htdocs\\comederoweb\\app\\Views\\reportes.php')
 3 SYSTEMPATH\View\View.php(227): CodeIgniter\View\View->CodeIgniter\View\{closure}()
 4 SYSTEMPATH\Common.php(1173): CodeIgniter\View\View->render('reportes', [], true)
 5 APPPATH\Controllers\ReportesController.php(12): view('reportes', [...])
 6 SYSTEMPATH\CodeIgniter.php(933): App\Controllers\ReportesController->reportes()
 7 SYSTEMPATH\CodeIgniter.php(507): CodeIgniter\CodeIgniter->runController(Object(App\Controllers\ReportesController))
 8 SYSTEMPATH\CodeIgniter.php(354): CodeIgniter\CodeIgniter->handleRequest(null, Object(Config\Cache), false)
 9 SYSTEMPATH\Boot.php(334): CodeIgniter\CodeIgniter->run()
10 SYSTEMPATH\Boot.php(67): CodeIgniter\Boot::runCodeIgniter(Object(CodeIgniter\CodeIgniter))
11 FCPATH\index.php(56): CodeIgniter\Boot::bootWeb(Object(Config\Paths))
12 SYSTEMPATH\rewrite.php(44): require_once('C:\\xampp\\htdocs\\comederoweb\\public\\index.php')
CRITICAL - 2025-04-11 22:20:22 --> ErrorException: Undefined array key "vecesAlimentado"
[Method: GET, Route: Reportes]
in APPPATH\Views\reportes.php on line 61.
 1 APPPATH\Views\reportes.php(61): CodeIgniter\Debug\Exceptions->errorHandler(2, 'Undefined array key "vecesAlimentado"', 'C:\\xampp\\htdocs\\comederoweb\\app\\Views\\reportes.php', 61)
 2 SYSTEMPATH\View\View.php(224): include('C:\\xampp\\htdocs\\comederoweb\\app\\Views\\reportes.php')
 3 SYSTEMPATH\View\View.php(227): CodeIgniter\View\View->CodeIgniter\View\{closure}()
 4 SYSTEMPATH\Common.php(1173): CodeIgniter\View\View->render('reportes', [], true)
 5 APPPATH\Controllers\ReportesController.php(12): view('reportes', [...])
 6 SYSTEMPATH\CodeIgniter.php(933): App\Controllers\ReportesController->reportes()
 7 SYSTEMPATH\CodeIgniter.php(507): CodeIgniter\CodeIgniter->runController(Object(App\Controllers\ReportesController))
 8 SYSTEMPATH\CodeIgniter.php(354): CodeIgniter\CodeIgniter->handleRequest(null, Object(Config\Cache), false)
 9 SYSTEMPATH\Boot.php(334): CodeIgniter\CodeIgniter->run()
10 SYSTEMPATH\Boot.php(67): CodeIgniter\Boot::runCodeIgniter(Object(CodeIgniter\CodeIgniter))
11 FCPATH\index.php(56): CodeIgniter\Boot::bootWeb(Object(Config\Paths))
12 SYSTEMPATH\rewrite.php(44): require_once('C:\\xampp\\htdocs\\comederoweb\\public\\index.php')
CRITICAL - 2025-04-11 22:20:22 --> ErrorException: Undefined array key "vecesAlimentado"
[Method: GET, Route: Reportes]
in APPPATH\Views\reportes.php on line 61.
 1 APPPATH\Views\reportes.php(61): CodeIgniter\Debug\Exceptions->errorHandler(2, 'Undefined array key "vecesAlimentado"', 'C:\\xampp\\htdocs\\comederoweb\\app\\Views\\reportes.php', 61)
 2 SYSTEMPATH\View\View.php(224): include('C:\\xampp\\htdocs\\comederoweb\\app\\Views\\reportes.php')
 3 SYSTEMPATH\View\View.php(227): CodeIgniter\View\View->CodeIgniter\View\{closure}()
 4 SYSTEMPATH\Common.php(1173): CodeIgniter\View\View->render('reportes', [], true)
 5 APPPATH\Controllers\ReportesController.php(12): view('reportes', [...])
 6 SYSTEMPATH\CodeIgniter.php(933): App\Controllers\ReportesController->reportes()
 7 SYSTEMPATH\CodeIgniter.php(507): CodeIgniter\CodeIgniter->runController(Object(App\Controllers\ReportesController))
 8 SYSTEMPATH\CodeIgniter.php(354): CodeIgniter\CodeIgniter->handleRequest(null, Object(Config\Cache), false)
 9 SYSTEMPATH\Boot.php(334): CodeIgniter\CodeIgniter->run()
10 SYSTEMPATH\Boot.php(67): CodeIgniter\Boot::runCodeIgniter(Object(CodeIgniter\CodeIgniter))
11 FCPATH\index.php(56): CodeIgniter\Boot::bootWeb(Object(Config\Paths))
12 SYSTEMPATH\rewrite.php(44): require_once('C:\\xampp\\htdocs\\comederoweb\\public\\index.php')
CRITICAL - 2025-04-11 22:20:22 --> ErrorException: Undefined array key "vecesAlimentado"
[Method: GET, Route: Reportes]
in APPPATH\Views\reportes.php on line 61.
 1 APPPATH\Views\reportes.php(61): CodeIgniter\Debug\Exceptions->errorHandler(2, 'Undefined array key "vecesAlimentado"', 'C:\\xampp\\htdocs\\comederoweb\\app\\Views\\reportes.php', 61)
 2 SYSTEMPATH\View\View.php(224): include('C:\\xampp\\htdocs\\comederoweb\\app\\Views\\reportes.php')
 3 SYSTEMPATH\View\View.php(227): CodeIgniter\View\View->CodeIgniter\View\{closure}()
 4 SYSTEMPATH\Common.php(1173): CodeIgniter\View\View->render('reportes', [], true)
 5 APPPATH\Controllers\ReportesController.php(12): view('reportes', [...])
 6 SYSTEMPATH\CodeIgniter.php(933): App\Controllers\ReportesController->reportes()
 7 SYSTEMPATH\CodeIgniter.php(507): CodeIgniter\CodeIgniter->runController(Object(App\Controllers\ReportesController))
 8 SYSTEMPATH\CodeIgniter.php(354): CodeIgniter\CodeIgniter->handleRequest(null, Object(Config\Cache), false)
 9 SYSTEMPATH\Boot.php(334): CodeIgniter\CodeIgniter->run()
10 SYSTEMPATH\Boot.php(67): CodeIgniter\Boot::runCodeIgniter(Object(CodeIgniter\CodeIgniter))
11 FCPATH\index.php(56): CodeIgniter\Boot::bootWeb(Object(Config\Paths))
12 SYSTEMPATH\rewrite.php(44): require_once('C:\\xampp\\htdocs\\comederoweb\\public\\index.php')
CRITICAL - 2025-04-11 22:23:06 --> ErrorException: Undefined array key "vecesAlimentado"
[Method: GET, Route: Reportes]
in APPPATH\Views\Reportes.php on line 61.
 1 APPPATH\Views\Reportes.php(61): CodeIgniter\Debug\Exceptions->errorHandler(2, 'Undefined array key "vecesAlimentado"', 'C:\\xampp\\htdocs\\comederoweb\\app\\Views\\Reportes.php', 61)
 2 SYSTEMPATH\View\View.php(224): include('C:\\xampp\\htdocs\\comederoweb\\app\\Views\\Reportes.php')
 3 SYSTEMPATH\View\View.php(227): CodeIgniter\View\View->CodeIgniter\View\{closure}()
 4 SYSTEMPATH\Common.php(1173): CodeIgniter\View\View->render('reportes', [], true)
 5 APPPATH\Controllers\ReportesController.php(12): view('reportes', [...])
 6 SYSTEMPATH\CodeIgniter.php(933): App\Controllers\ReportesController->reportes()
 7 SYSTEMPATH\CodeIgniter.php(507): CodeIgniter\CodeIgniter->runController(Object(App\Controllers\ReportesController))
 8 SYSTEMPATH\CodeIgniter.php(354): CodeIgniter\CodeIgniter->handleRequest(null, Object(Config\Cache), false)
 9 SYSTEMPATH\Boot.php(334): CodeIgniter\CodeIgniter->run()
10 SYSTEMPATH\Boot.php(67): CodeIgniter\Boot::runCodeIgniter(Object(CodeIgniter\CodeIgniter))
11 FCPATH\index.php(56): CodeIgniter\Boot::bootWeb(Object(Config\Paths))
12 SYSTEMPATH\rewrite.php(44): require_once('C:\\xampp\\htdocs\\comederoweb\\public\\index.php')
CRITICAL - 2025-04-11 22:23:07 --> ErrorException: Undefined array key "vecesAlimentado"
[Method: GET, Route: Reportes]
in APPPATH\Views\Reportes.php on line 61.
 1 APPPATH\Views\Reportes.php(61): CodeIgniter\Debug\Exceptions->errorHandler(2, 'Undefined array key "vecesAlimentado"', 'C:\\xampp\\htdocs\\comederoweb\\app\\Views\\Reportes.php', 61)
 2 SYSTEMPATH\View\View.php(224): include('C:\\xampp\\htdocs\\comederoweb\\app\\Views\\Reportes.php')
 3 SYSTEMPATH\View\View.php(227): CodeIgniter\View\View->CodeIgniter\View\{closure}()
 4 SYSTEMPATH\Common.php(1173): CodeIgniter\View\View->render('reportes', [], true)
 5 APPPATH\Controllers\ReportesController.php(12): view('reportes', [...])
 6 SYSTEMPATH\CodeIgniter.php(933): App\Controllers\ReportesController->reportes()
 7 SYSTEMPATH\CodeIgniter.php(507): CodeIgniter\CodeIgniter->runController(Object(App\Controllers\ReportesController))
 8 SYSTEMPATH\CodeIgniter.php(354): CodeIgniter\CodeIgniter->handleRequest(null, Object(Config\Cache), false)
 9 SYSTEMPATH\Boot.php(334): CodeIgniter\CodeIgniter->run()
10 SYSTEMPATH\Boot.php(67): CodeIgniter\Boot::runCodeIgniter(Object(CodeIgniter\CodeIgniter))
11 FCPATH\index.php(56): CodeIgniter\Boot::bootWeb(Object(Config\Paths))
12 SYSTEMPATH\rewrite.php(44): require_once('C:\\xampp\\htdocs\\comederoweb\\public\\index.php')
CRITICAL - 2025-04-11 22:23:07 --> ErrorException: Undefined array key "vecesAlimentado"
[Method: GET, Route: Reportes]
in APPPATH\Views\Reportes.php on line 61.
 1 APPPATH\Views\Reportes.php(61): CodeIgniter\Debug\Exceptions->errorHandler(2, 'Undefined array key "vecesAlimentado"', 'C:\\xampp\\htdocs\\comederoweb\\app\\Views\\Reportes.php', 61)
 2 SYSTEMPATH\View\View.php(224): include('C:\\xampp\\htdocs\\comederoweb\\app\\Views\\Reportes.php')
 3 SYSTEMPATH\View\View.php(227): CodeIgniter\View\View->CodeIgniter\View\{closure}()
 4 SYSTEMPATH\Common.php(1173): CodeIgniter\View\View->render('reportes', [], true)
 5 APPPATH\Controllers\ReportesController.php(12): view('reportes', [...])
 6 SYSTEMPATH\CodeIgniter.php(933): App\Controllers\ReportesController->reportes()
 7 SYSTEMPATH\CodeIgniter.php(507): CodeIgniter\CodeIgniter->runController(Object(App\Controllers\ReportesController))
 8 SYSTEMPATH\CodeIgniter.php(354): CodeIgniter\CodeIgniter->handleRequest(null, Object(Config\Cache), false)
 9 SYSTEMPATH\Boot.php(334): CodeIgniter\CodeIgniter->run()
10 SYSTEMPATH\Boot.php(67): CodeIgniter\Boot::runCodeIgniter(Object(CodeIgniter\CodeIgniter))
11 FCPATH\index.php(56): CodeIgniter\Boot::bootWeb(Object(Config\Paths))
12 SYSTEMPATH\rewrite.php(44): require_once('C:\\xampp\\htdocs\\comederoweb\\public\\index.php')
CRITICAL - 2025-04-11 22:23:08 --> ErrorException: Undefined array key "vecesAlimentado"
[Method: GET, Route: Reportes]
in APPPATH\Views\Reportes.php on line 61.
 1 APPPATH\Views\Reportes.php(61): CodeIgniter\Debug\Exceptions->errorHandler(2, 'Undefined array key "vecesAlimentado"', 'C:\\xampp\\htdocs\\comederoweb\\app\\Views\\Reportes.php', 61)
 2 SYSTEMPATH\View\View.php(224): include('C:\\xampp\\htdocs\\comederoweb\\app\\Views\\Reportes.php')
 3 SYSTEMPATH\View\View.php(227): CodeIgniter\View\View->CodeIgniter\View\{closure}()
 4 SYSTEMPATH\Common.php(1173): CodeIgniter\View\View->render('reportes', [], true)
 5 APPPATH\Controllers\ReportesController.php(12): view('reportes', [...])
 6 SYSTEMPATH\CodeIgniter.php(933): App\Controllers\ReportesController->reportes()
 7 SYSTEMPATH\CodeIgniter.php(507): CodeIgniter\CodeIgniter->runController(Object(App\Controllers\ReportesController))
 8 SYSTEMPATH\CodeIgniter.php(354): CodeIgniter\CodeIgniter->handleRequest(null, Object(Config\Cache), false)
 9 SYSTEMPATH\Boot.php(334): CodeIgniter\CodeIgniter->run()
10 SYSTEMPATH\Boot.php(67): CodeIgniter\Boot::runCodeIgniter(Object(CodeIgniter\CodeIgniter))
11 FCPATH\index.php(56): CodeIgniter\Boot::bootWeb(Object(Config\Paths))
12 SYSTEMPATH\rewrite.php(44): require_once('C:\\xampp\\htdocs\\comederoweb\\public\\index.php')
CRITICAL - 2025-04-11 22:23:08 --> ErrorException: Undefined array key "vecesAlimentado"
[Method: GET, Route: Reportes]
in APPPATH\Views\Reportes.php on line 61.
 1 APPPATH\Views\Reportes.php(61): CodeIgniter\Debug\Exceptions->errorHandler(2, 'Undefined array key "vecesAlimentado"', 'C:\\xampp\\htdocs\\comederoweb\\app\\Views\\Reportes.php', 61)
 2 SYSTEMPATH\View\View.php(224): include('C:\\xampp\\htdocs\\comederoweb\\app\\Views\\Reportes.php')
 3 SYSTEMPATH\View\View.php(227): CodeIgniter\View\View->CodeIgniter\View\{closure}()
 4 SYSTEMPATH\Common.php(1173): CodeIgniter\View\View->render('reportes', [], true)
 5 APPPATH\Controllers\ReportesController.php(12): view('reportes', [...])
 6 SYSTEMPATH\CodeIgniter.php(933): App\Controllers\ReportesController->reportes()
 7 SYSTEMPATH\CodeIgniter.php(507): CodeIgniter\CodeIgniter->runController(Object(App\Controllers\ReportesController))
 8 SYSTEMPATH\CodeIgniter.php(354): CodeIgniter\CodeIgniter->handleRequest(null, Object(Config\Cache), false)
 9 SYSTEMPATH\Boot.php(334): CodeIgniter\CodeIgniter->run()
10 SYSTEMPATH\Boot.php(67): CodeIgniter\Boot::runCodeIgniter(Object(CodeIgniter\CodeIgniter))
11 FCPATH\index.php(56): CodeIgniter\Boot::bootWeb(Object(Config\Paths))
12 SYSTEMPATH\rewrite.php(44): require_once('C:\\xampp\\htdocs\\comederoweb\\public\\index.php')
CRITICAL - 2025-04-11 22:23:08 --> ErrorException: Undefined array key "vecesAlimentado"
[Method: GET, Route: Reportes]
in APPPATH\Views\Reportes.php on line 61.
 1 APPPATH\Views\Reportes.php(61): CodeIgniter\Debug\Exceptions->errorHandler(2, 'Undefined array key "vecesAlimentado"', 'C:\\xampp\\htdocs\\comederoweb\\app\\Views\\Reportes.php', 61)
 2 SYSTEMPATH\View\View.php(224): include('C:\\xampp\\htdocs\\comederoweb\\app\\Views\\Reportes.php')
 3 SYSTEMPATH\View\View.php(227): CodeIgniter\View\View->CodeIgniter\View\{closure}()
 4 SYSTEMPATH\Common.php(1173): CodeIgniter\View\View->render('reportes', [], true)
 5 APPPATH\Controllers\ReportesController.php(12): view('reportes', [...])
 6 SYSTEMPATH\CodeIgniter.php(933): App\Controllers\ReportesController->reportes()
 7 SYSTEMPATH\CodeIgniter.php(507): CodeIgniter\CodeIgniter->runController(Object(App\Controllers\ReportesController))
 8 SYSTEMPATH\CodeIgniter.php(354): CodeIgniter\CodeIgniter->handleRequest(null, Object(Config\Cache), false)
 9 SYSTEMPATH\Boot.php(334): CodeIgniter\CodeIgniter->run()
10 SYSTEMPATH\Boot.php(67): CodeIgniter\Boot::runCodeIgniter(Object(CodeIgniter\CodeIgniter))
11 FCPATH\index.php(56): CodeIgniter\Boot::bootWeb(Object(Config\Paths))
12 SYSTEMPATH\rewrite.php(44): require_once('C:\\xampp\\htdocs\\comederoweb\\public\\index.php')
CRITICAL - 2025-04-11 22:23:08 --> ErrorException: Undefined array key "vecesAlimentado"
[Method: GET, Route: Reportes]
in APPPATH\Views\Reportes.php on line 61.
 1 APPPATH\Views\Reportes.php(61): CodeIgniter\Debug\Exceptions->errorHandler(2, 'Undefined array key "vecesAlimentado"', 'C:\\xampp\\htdocs\\comederoweb\\app\\Views\\Reportes.php', 61)
 2 SYSTEMPATH\View\View.php(224): include('C:\\xampp\\htdocs\\comederoweb\\app\\Views\\Reportes.php')
 3 SYSTEMPATH\View\View.php(227): CodeIgniter\View\View->CodeIgniter\View\{closure}()
 4 SYSTEMPATH\Common.php(1173): CodeIgniter\View\View->render('reportes', [], true)
 5 APPPATH\Controllers\ReportesController.php(12): view('reportes', [...])
 6 SYSTEMPATH\CodeIgniter.php(933): App\Controllers\ReportesController->reportes()
 7 SYSTEMPATH\CodeIgniter.php(507): CodeIgniter\CodeIgniter->runController(Object(App\Controllers\ReportesController))
 8 SYSTEMPATH\CodeIgniter.php(354): CodeIgniter\CodeIgniter->handleRequest(null, Object(Config\Cache), false)
 9 SYSTEMPATH\Boot.php(334): CodeIgniter\CodeIgniter->run()
10 SYSTEMPATH\Boot.php(67): CodeIgniter\Boot::runCodeIgniter(Object(CodeIgniter\CodeIgniter))
11 FCPATH\index.php(56): CodeIgniter\Boot::bootWeb(Object(Config\Paths))
12 SYSTEMPATH\rewrite.php(44): require_once('C:\\xampp\\htdocs\\comederoweb\\public\\index.php')
CRITICAL - 2025-04-11 22:23:19 --> ErrorException: Undefined array key "vecesAlimentado"
[Method: GET, Route: Reportes]
in APPPATH\Views\Reportes.php on line 61.
 1 APPPATH\Views\Reportes.php(61): CodeIgniter\Debug\Exceptions->errorHandler(2, 'Undefined array key "vecesAlimentado"', 'C:\\xampp\\htdocs\\comederoweb\\app\\Views\\Reportes.php', 61)
 2 SYSTEMPATH\View\View.php(224): include('C:\\xampp\\htdocs\\comederoweb\\app\\Views\\Reportes.php')
 3 SYSTEMPATH\View\View.php(227): CodeIgniter\View\View->CodeIgniter\View\{closure}()
 4 SYSTEMPATH\Common.php(1173): CodeIgniter\View\View->render('reportes', [], true)
 5 APPPATH\Controllers\ReportesController.php(12): view('reportes', [...])
 6 SYSTEMPATH\CodeIgniter.php(933): App\Controllers\ReportesController->reportes()
 7 SYSTEMPATH\CodeIgniter.php(507): CodeIgniter\CodeIgniter->runController(Object(App\Controllers\ReportesController))
 8 SYSTEMPATH\CodeIgniter.php(354): CodeIgniter\CodeIgniter->handleRequest(null, Object(Config\Cache), false)
 9 SYSTEMPATH\Boot.php(334): CodeIgniter\CodeIgniter->run()
10 SYSTEMPATH\Boot.php(67): CodeIgniter\Boot::runCodeIgniter(Object(CodeIgniter\CodeIgniter))
11 FCPATH\index.php(56): CodeIgniter\Boot::bootWeb(Object(Config\Paths))
12 SYSTEMPATH\rewrite.php(44): require_once('C:\\xampp\\htdocs\\comederoweb\\public\\index.php')
CRITICAL - 2025-04-11 22:28:25 --> ErrorException: Undefined array key "vecesAlimentado"
[Method: GET, Route: reportes]
in APPPATH\Views\reportes.php on line 61.
 1 APPPATH\Views\reportes.php(61): CodeIgniter\Debug\Exceptions->errorHandler(2, 'Undefined array key "vecesAlimentado"', 'C:\\xampp\\htdocs\\comederoweb\\app\\Views\\reportes.php', 61)
 2 SYSTEMPATH\View\View.php(224): include('C:\\xampp\\htdocs\\comederoweb\\app\\Views\\reportes.php')
 3 SYSTEMPATH\View\View.php(227): CodeIgniter\View\View->CodeIgniter\View\{closure}()
 4 SYSTEMPATH\Common.php(1173): CodeIgniter\View\View->render('reportes', [], true)
 5 APPPATH\Controllers\ReportesController.php(12): view('reportes', [...])
 6 SYSTEMPATH\CodeIgniter.php(933): App\Controllers\ReportesController->reportes()
 7 SYSTEMPATH\CodeIgniter.php(507): CodeIgniter\CodeIgniter->runController(Object(App\Controllers\ReportesController))
 8 SYSTEMPATH\CodeIgniter.php(354): CodeIgniter\CodeIgniter->handleRequest(null, Object(Config\Cache), false)
 9 SYSTEMPATH\Boot.php(334): CodeIgniter\CodeIgniter->run()
10 SYSTEMPATH\Boot.php(67): CodeIgniter\Boot::runCodeIgniter(Object(CodeIgniter\CodeIgniter))
11 FCPATH\index.php(56): CodeIgniter\Boot::bootWeb(Object(Config\Paths))
12 SYSTEMPATH\rewrite.php(44): require_once('C:\\xampp\\htdocs\\comederoweb\\public\\index.php')
CRITICAL - 2025-04-11 22:28:26 --> ErrorException: Undefined array key "vecesAlimentado"
[Method: GET, Route: reportes]
in APPPATH\Views\reportes.php on line 61.
 1 APPPATH\Views\reportes.php(61): CodeIgniter\Debug\Exceptions->errorHandler(2, 'Undefined array key "vecesAlimentado"', 'C:\\xampp\\htdocs\\comederoweb\\app\\Views\\reportes.php', 61)
 2 SYSTEMPATH\View\View.php(224): include('C:\\xampp\\htdocs\\comederoweb\\app\\Views\\reportes.php')
 3 SYSTEMPATH\View\View.php(227): CodeIgniter\View\View->CodeIgniter\View\{closure}()
 4 SYSTEMPATH\Common.php(1173): CodeIgniter\View\View->render('reportes', [], true)
 5 APPPATH\Controllers\ReportesController.php(12): view('reportes', [...])
 6 SYSTEMPATH\CodeIgniter.php(933): App\Controllers\ReportesController->reportes()
 7 SYSTEMPATH\CodeIgniter.php(507): CodeIgniter\CodeIgniter->runController(Object(App\Controllers\ReportesController))
 8 SYSTEMPATH\CodeIgniter.php(354): CodeIgniter\CodeIgniter->handleRequest(null, Object(Config\Cache), false)
 9 SYSTEMPATH\Boot.php(334): CodeIgniter\CodeIgniter->run()
10 SYSTEMPATH\Boot.php(67): CodeIgniter\Boot::runCodeIgniter(Object(CodeIgniter\CodeIgniter))
11 FCPATH\index.php(56): CodeIgniter\Boot::bootWeb(Object(Config\Paths))
12 SYSTEMPATH\rewrite.php(44): require_once('C:\\xampp\\htdocs\\comederoweb\\public\\index.php')
CRITICAL - 2025-04-11 22:28:26 --> ErrorException: Undefined array key "vecesAlimentado"
[Method: GET, Route: reportes]
in APPPATH\Views\reportes.php on line 61.
 1 APPPATH\Views\reportes.php(61): CodeIgniter\Debug\Exceptions->errorHandler(2, 'Undefined array key "vecesAlimentado"', 'C:\\xampp\\htdocs\\comederoweb\\app\\Views\\reportes.php', 61)
 2 SYSTEMPATH\View\View.php(224): include('C:\\xampp\\htdocs\\comederoweb\\app\\Views\\reportes.php')
 3 SYSTEMPATH\View\View.php(227): CodeIgniter\View\View->CodeIgniter\View\{closure}()
 4 SYSTEMPATH\Common.php(1173): CodeIgniter\View\View->render('reportes', [], true)
 5 APPPATH\Controllers\ReportesController.php(12): view('reportes', [...])
 6 SYSTEMPATH\CodeIgniter.php(933): App\Controllers\ReportesController->reportes()
 7 SYSTEMPATH\CodeIgniter.php(507): CodeIgniter\CodeIgniter->runController(Object(App\Controllers\ReportesController))
 8 SYSTEMPATH\CodeIgniter.php(354): CodeIgniter\CodeIgniter->handleRequest(null, Object(Config\Cache), false)
 9 SYSTEMPATH\Boot.php(334): CodeIgniter\CodeIgniter->run()
10 SYSTEMPATH\Boot.php(67): CodeIgniter\Boot::runCodeIgniter(Object(CodeIgniter\CodeIgniter))
11 FCPATH\index.php(56): CodeIgniter\Boot::bootWeb(Object(Config\Paths))
12 SYSTEMPATH\rewrite.php(44): require_once('C:\\xampp\\htdocs\\comederoweb\\public\\index.php')
CRITICAL - 2025-04-11 22:28:26 --> ErrorException: Undefined array key "vecesAlimentado"
[Method: GET, Route: reportes]
in APPPATH\Views\reportes.php on line 61.
 1 APPPATH\Views\reportes.php(61): CodeIgniter\Debug\Exceptions->errorHandler(2, 'Undefined array key "vecesAlimentado"', 'C:\\xampp\\htdocs\\comederoweb\\app\\Views\\reportes.php', 61)
 2 SYSTEMPATH\View\View.php(224): include('C:\\xampp\\htdocs\\comederoweb\\app\\Views\\reportes.php')
 3 SYSTEMPATH\View\View.php(227): CodeIgniter\View\View->CodeIgniter\View\{closure}()
 4 SYSTEMPATH\Common.php(1173): CodeIgniter\View\View->render('reportes', [], true)
 5 APPPATH\Controllers\ReportesController.php(12): view('reportes', [...])
 6 SYSTEMPATH\CodeIgniter.php(933): App\Controllers\ReportesController->reportes()
 7 SYSTEMPATH\CodeIgniter.php(507): CodeIgniter\CodeIgniter->runController(Object(App\Controllers\ReportesController))
 8 SYSTEMPATH\CodeIgniter.php(354): CodeIgniter\CodeIgniter->handleRequest(null, Object(Config\Cache), false)
 9 SYSTEMPATH\Boot.php(334): CodeIgniter\CodeIgniter->run()
10 SYSTEMPATH\Boot.php(67): CodeIgniter\Boot::runCodeIgniter(Object(CodeIgniter\CodeIgniter))
11 FCPATH\index.php(56): CodeIgniter\Boot::bootWeb(Object(Config\Paths))
12 SYSTEMPATH\rewrite.php(44): require_once('C:\\xampp\\htdocs\\comederoweb\\public\\index.php')
CRITICAL - 2025-04-11 22:28:26 --> ErrorException: Undefined array key "vecesAlimentado"
[Method: GET, Route: reportes]
in APPPATH\Views\reportes.php on line 61.
 1 APPPATH\Views\reportes.php(61): CodeIgniter\Debug\Exceptions->errorHandler(2, 'Undefined array key "vecesAlimentado"', 'C:\\xampp\\htdocs\\comederoweb\\app\\Views\\reportes.php', 61)
 2 SYSTEMPATH\View\View.php(224): include('C:\\xampp\\htdocs\\comederoweb\\app\\Views\\reportes.php')
 3 SYSTEMPATH\View\View.php(227): CodeIgniter\View\View->CodeIgniter\View\{closure}()
 4 SYSTEMPATH\Common.php(1173): CodeIgniter\View\View->render('reportes', [], true)
 5 APPPATH\Controllers\ReportesController.php(12): view('reportes', [...])
 6 SYSTEMPATH\CodeIgniter.php(933): App\Controllers\ReportesController->reportes()
 7 SYSTEMPATH\CodeIgniter.php(507): CodeIgniter\CodeIgniter->runController(Object(App\Controllers\ReportesController))
 8 SYSTEMPATH\CodeIgniter.php(354): CodeIgniter\CodeIgniter->handleRequest(null, Object(Config\Cache), false)
 9 SYSTEMPATH\Boot.php(334): CodeIgniter\CodeIgniter->run()
10 SYSTEMPATH\Boot.php(67): CodeIgniter\Boot::runCodeIgniter(Object(CodeIgniter\CodeIgniter))
11 FCPATH\index.php(56): CodeIgniter\Boot::bootWeb(Object(Config\Paths))
12 SYSTEMPATH\rewrite.php(44): require_once('C:\\xampp\\htdocs\\comederoweb\\public\\index.php')
CRITICAL - 2025-04-11 22:28:27 --> ErrorException: Undefined array key "vecesAlimentado"
[Method: GET, Route: reportes]
in APPPATH\Views\reportes.php on line 61.
 1 APPPATH\Views\reportes.php(61): CodeIgniter\Debug\Exceptions->errorHandler(2, 'Undefined array key "vecesAlimentado"', 'C:\\xampp\\htdocs\\comederoweb\\app\\Views\\reportes.php', 61)
 2 SYSTEMPATH\View\View.php(224): include('C:\\xampp\\htdocs\\comederoweb\\app\\Views\\reportes.php')
 3 SYSTEMPATH\View\View.php(227): CodeIgniter\View\View->CodeIgniter\View\{closure}()
 4 SYSTEMPATH\Common.php(1173): CodeIgniter\View\View->render('reportes', [], true)
 5 APPPATH\Controllers\ReportesController.php(12): view('reportes', [...])
 6 SYSTEMPATH\CodeIgniter.php(933): App\Controllers\ReportesController->reportes()
 7 SYSTEMPATH\CodeIgniter.php(507): CodeIgniter\CodeIgniter->runController(Object(App\Controllers\ReportesController))
 8 SYSTEMPATH\CodeIgniter.php(354): CodeIgniter\CodeIgniter->handleRequest(null, Object(Config\Cache), false)
 9 SYSTEMPATH\Boot.php(334): CodeIgniter\CodeIgniter->run()
10 SYSTEMPATH\Boot.php(67): CodeIgniter\Boot::runCodeIgniter(Object(CodeIgniter\CodeIgniter))
11 FCPATH\index.php(56): CodeIgniter\Boot::bootWeb(Object(Config\Paths))
12 SYSTEMPATH\rewrite.php(44): require_once('C:\\xampp\\htdocs\\comederoweb\\public\\index.php')
CRITICAL - 2025-04-11 22:32:07 --> ErrorException: Undefined array key "vecesAlimentado"
[Method: GET, Route: reportes]
in APPPATH\Views\reportes.php on line 61.
 1 APPPATH\Views\reportes.php(61): CodeIgniter\Debug\Exceptions->errorHandler(2, 'Undefined array key "vecesAlimentado"', 'C:\\xampp\\htdocs\\comederoweb\\app\\Views\\reportes.php', 61)
 2 SYSTEMPATH\View\View.php(224): include('C:\\xampp\\htdocs\\comederoweb\\app\\Views\\reportes.php')
 3 SYSTEMPATH\View\View.php(227): CodeIgniter\View\View->CodeIgniter\View\{closure}()
 4 SYSTEMPATH\Common.php(1173): CodeIgniter\View\View->render('reportes', [], true)
 5 APPPATH\Controllers\ReportesController.php(12): view('reportes', [...])
 6 SYSTEMPATH\CodeIgniter.php(933): App\Controllers\ReportesController->reportes()
 7 SYSTEMPATH\CodeIgniter.php(507): CodeIgniter\CodeIgniter->runController(Object(App\Controllers\ReportesController))
 8 SYSTEMPATH\CodeIgniter.php(354): CodeIgniter\CodeIgniter->handleRequest(null, Object(Config\Cache), false)
 9 SYSTEMPATH\Boot.php(334): CodeIgniter\CodeIgniter->run()
10 SYSTEMPATH\Boot.php(67): CodeIgniter\Boot::runCodeIgniter(Object(CodeIgniter\CodeIgniter))
11 FCPATH\index.php(56): CodeIgniter\Boot::bootWeb(Object(Config\Paths))
12 SYSTEMPATH\rewrite.php(44): require_once('C:\\xampp\\htdocs\\comederoweb\\public\\index.php')
CRITICAL - 2025-04-11 22:32:09 --> ErrorException: Undefined array key "vecesAlimentado"
[Method: GET, Route: reportes]
in APPPATH\Views\reportes.php on line 61.
 1 APPPATH\Views\reportes.php(61): CodeIgniter\Debug\Exceptions->errorHandler(2, 'Undefined array key "vecesAlimentado"', 'C:\\xampp\\htdocs\\comederoweb\\app\\Views\\reportes.php', 61)
 2 SYSTEMPATH\View\View.php(224): include('C:\\xampp\\htdocs\\comederoweb\\app\\Views\\reportes.php')
 3 SYSTEMPATH\View\View.php(227): CodeIgniter\View\View->CodeIgniter\View\{closure}()
 4 SYSTEMPATH\Common.php(1173): CodeIgniter\View\View->render('reportes', [], true)
 5 APPPATH\Controllers\ReportesController.php(12): view('reportes', [...])
 6 SYSTEMPATH\CodeIgniter.php(933): App\Controllers\ReportesController->reportes()
 7 SYSTEMPATH\CodeIgniter.php(507): CodeIgniter\CodeIgniter->runController(Object(App\Controllers\ReportesController))
 8 SYSTEMPATH\CodeIgniter.php(354): CodeIgniter\CodeIgniter->handleRequest(null, Object(Config\Cache), false)
 9 SYSTEMPATH\Boot.php(334): CodeIgniter\CodeIgniter->run()
10 SYSTEMPATH\Boot.php(67): CodeIgniter\Boot::runCodeIgniter(Object(CodeIgniter\CodeIgniter))
11 FCPATH\index.php(56): CodeIgniter\Boot::bootWeb(Object(Config\Paths))
12 SYSTEMPATH\rewrite.php(44): require_once('C:\\xampp\\htdocs\\comederoweb\\public\\index.php')
CRITICAL - 2025-04-11 22:32:10 --> ErrorException: Undefined array key "vecesAlimentado"
[Method: GET, Route: reportes]
in APPPATH\Views\reportes.php on line 61.
 1 APPPATH\Views\reportes.php(61): CodeIgniter\Debug\Exceptions->errorHandler(2, 'Undefined array key "vecesAlimentado"', 'C:\\xampp\\htdocs\\comederoweb\\app\\Views\\reportes.php', 61)
 2 SYSTEMPATH\View\View.php(224): include('C:\\xampp\\htdocs\\comederoweb\\app\\Views\\reportes.php')
 3 SYSTEMPATH\View\View.php(227): CodeIgniter\View\View->CodeIgniter\View\{closure}()
 4 SYSTEMPATH\Common.php(1173): CodeIgniter\View\View->render('reportes', [], true)
 5 APPPATH\Controllers\ReportesController.php(12): view('reportes', [...])
 6 SYSTEMPATH\CodeIgniter.php(933): App\Controllers\ReportesController->reportes()
 7 SYSTEMPATH\CodeIgniter.php(507): CodeIgniter\CodeIgniter->runController(Object(App\Controllers\ReportesController))
 8 SYSTEMPATH\CodeIgniter.php(354): CodeIgniter\CodeIgniter->handleRequest(null, Object(Config\Cache), false)
 9 SYSTEMPATH\Boot.php(334): CodeIgniter\CodeIgniter->run()
10 SYSTEMPATH\Boot.php(67): CodeIgniter\Boot::runCodeIgniter(Object(CodeIgniter\CodeIgniter))
11 FCPATH\index.php(56): CodeIgniter\Boot::bootWeb(Object(Config\Paths))
12 SYSTEMPATH\rewrite.php(44): require_once('C:\\xampp\\htdocs\\comederoweb\\public\\index.php')
CRITICAL - 2025-04-11 22:32:10 --> ErrorException: Undefined array key "vecesAlimentado"
[Method: GET, Route: reportes]
in APPPATH\Views\reportes.php on line 61.
 1 APPPATH\Views\reportes.php(61): CodeIgniter\Debug\Exceptions->errorHandler(2, 'Undefined array key "vecesAlimentado"', 'C:\\xampp\\htdocs\\comederoweb\\app\\Views\\reportes.php', 61)
 2 SYSTEMPATH\View\View.php(224): include('C:\\xampp\\htdocs\\comederoweb\\app\\Views\\reportes.php')
 3 SYSTEMPATH\View\View.php(227): CodeIgniter\View\View->CodeIgniter\View\{closure}()
 4 SYSTEMPATH\Common.php(1173): CodeIgniter\View\View->render('reportes', [], true)
 5 APPPATH\Controllers\ReportesController.php(12): view('reportes', [...])
 6 SYSTEMPATH\CodeIgniter.php(933): App\Controllers\ReportesController->reportes()
 7 SYSTEMPATH\CodeIgniter.php(507): CodeIgniter\CodeIgniter->runController(Object(App\Controllers\ReportesController))
 8 SYSTEMPATH\CodeIgniter.php(354): CodeIgniter\CodeIgniter->handleRequest(null, Object(Config\Cache), false)
 9 SYSTEMPATH\Boot.php(334): CodeIgniter\CodeIgniter->run()
10 SYSTEMPATH\Boot.php(67): CodeIgniter\Boot::runCodeIgniter(Object(CodeIgniter\CodeIgniter))
11 FCPATH\index.php(56): CodeIgniter\Boot::bootWeb(Object(Config\Paths))
12 SYSTEMPATH\rewrite.php(44): require_once('C:\\xampp\\htdocs\\comederoweb\\public\\index.php')
CRITICAL - 2025-04-11 22:32:10 --> ErrorException: Undefined array key "vecesAlimentado"
[Method: GET, Route: reportes]
in APPPATH\Views\reportes.php on line 61.
 1 APPPATH\Views\reportes.php(61): CodeIgniter\Debug\Exceptions->errorHandler(2, 'Undefined array key "vecesAlimentado"', 'C:\\xampp\\htdocs\\comederoweb\\app\\Views\\reportes.php', 61)
 2 SYSTEMPATH\View\View.php(224): include('C:\\xampp\\htdocs\\comederoweb\\app\\Views\\reportes.php')
 3 SYSTEMPATH\View\View.php(227): CodeIgniter\View\View->CodeIgniter\View\{closure}()
 4 SYSTEMPATH\Common.php(1173): CodeIgniter\View\View->render('reportes', [], true)
 5 APPPATH\Controllers\ReportesController.php(12): view('reportes', [...])
 6 SYSTEMPATH\CodeIgniter.php(933): App\Controllers\ReportesController->reportes()
 7 SYSTEMPATH\CodeIgniter.php(507): CodeIgniter\CodeIgniter->runController(Object(App\Controllers\ReportesController))
 8 SYSTEMPATH\CodeIgniter.php(354): CodeIgniter\CodeIgniter->handleRequest(null, Object(Config\Cache), false)
 9 SYSTEMPATH\Boot.php(334): CodeIgniter\CodeIgniter->run()
10 SYSTEMPATH\Boot.php(67): CodeIgniter\Boot::runCodeIgniter(Object(CodeIgniter\CodeIgniter))
11 FCPATH\index.php(56): CodeIgniter\Boot::bootWeb(Object(Config\Paths))
12 SYSTEMPATH\rewrite.php(44): require_once('C:\\xampp\\htdocs\\comederoweb\\public\\index.php')
CRITICAL - 2025-04-11 22:32:10 --> ErrorException: Undefined array key "vecesAlimentado"
[Method: GET, Route: reportes]
in APPPATH\Views\reportes.php on line 61.
 1 APPPATH\Views\reportes.php(61): CodeIgniter\Debug\Exceptions->errorHandler(2, 'Undefined array key "vecesAlimentado"', 'C:\\xampp\\htdocs\\comederoweb\\app\\Views\\reportes.php', 61)
 2 SYSTEMPATH\View\View.php(224): include('C:\\xampp\\htdocs\\comederoweb\\app\\Views\\reportes.php')
 3 SYSTEMPATH\View\View.php(227): CodeIgniter\View\View->CodeIgniter\View\{closure}()
 4 SYSTEMPATH\Common.php(1173): CodeIgniter\View\View->render('reportes', [], true)
 5 APPPATH\Controllers\ReportesController.php(12): view('reportes', [...])
 6 SYSTEMPATH\CodeIgniter.php(933): App\Controllers\ReportesController->reportes()
 7 SYSTEMPATH\CodeIgniter.php(507): CodeIgniter\CodeIgniter->runController(Object(App\Controllers\ReportesController))
 8 SYSTEMPATH\CodeIgniter.php(354): CodeIgniter\CodeIgniter->handleRequest(null, Object(Config\Cache), false)
 9 SYSTEMPATH\Boot.php(334): CodeIgniter\CodeIgniter->run()
10 SYSTEMPATH\Boot.php(67): CodeIgniter\Boot::runCodeIgniter(Object(CodeIgniter\CodeIgniter))
11 FCPATH\index.php(56): CodeIgniter\Boot::bootWeb(Object(Config\Paths))
12 SYSTEMPATH\rewrite.php(44): require_once('C:\\xampp\\htdocs\\comederoweb\\public\\index.php')
CRITICAL - 2025-04-11 22:32:11 --> ErrorException: Undefined array key "vecesAlimentado"
[Method: GET, Route: reportes]
in APPPATH\Views\reportes.php on line 61.
 1 APPPATH\Views\reportes.php(61): CodeIgniter\Debug\Exceptions->errorHandler(2, 'Undefined array key "vecesAlimentado"', 'C:\\xampp\\htdocs\\comederoweb\\app\\Views\\reportes.php', 61)
 2 SYSTEMPATH\View\View.php(224): include('C:\\xampp\\htdocs\\comederoweb\\app\\Views\\reportes.php')
 3 SYSTEMPATH\View\View.php(227): CodeIgniter\View\View->CodeIgniter\View\{closure}()
 4 SYSTEMPATH\Common.php(1173): CodeIgniter\View\View->render('reportes', [], true)
 5 APPPATH\Controllers\ReportesController.php(12): view('reportes', [...])
 6 SYSTEMPATH\CodeIgniter.php(933): App\Controllers\ReportesController->reportes()
 7 SYSTEMPATH\CodeIgniter.php(507): CodeIgniter\CodeIgniter->runController(Object(App\Controllers\ReportesController))
 8 SYSTEMPATH\CodeIgniter.php(354): CodeIgniter\CodeIgniter->handleRequest(null, Object(Config\Cache), false)
 9 SYSTEMPATH\Boot.php(334): CodeIgniter\CodeIgniter->run()
10 SYSTEMPATH\Boot.php(67): CodeIgniter\Boot::runCodeIgniter(Object(CodeIgniter\CodeIgniter))
11 FCPATH\index.php(56): CodeIgniter\Boot::bootWeb(Object(Config\Paths))
12 SYSTEMPATH\rewrite.php(44): require_once('C:\\xampp\\htdocs\\comederoweb\\public\\index.php')
CRITICAL - 2025-04-11 22:32:11 --> ErrorException: Undefined array key "vecesAlimentado"
[Method: GET, Route: reportes]
in APPPATH\Views\reportes.php on line 61.
 1 APPPATH\Views\reportes.php(61): CodeIgniter\Debug\Exceptions->errorHandler(2, 'Undefined array key "vecesAlimentado"', 'C:\\xampp\\htdocs\\comederoweb\\app\\Views\\reportes.php', 61)
 2 SYSTEMPATH\View\View.php(224): include('C:\\xampp\\htdocs\\comederoweb\\app\\Views\\reportes.php')
 3 SYSTEMPATH\View\View.php(227): CodeIgniter\View\View->CodeIgniter\View\{closure}()
 4 SYSTEMPATH\Common.php(1173): CodeIgniter\View\View->render('reportes', [], true)
 5 APPPATH\Controllers\ReportesController.php(12): view('reportes', [...])
 6 SYSTEMPATH\CodeIgniter.php(933): App\Controllers\ReportesController->reportes()
 7 SYSTEMPATH\CodeIgniter.php(507): CodeIgniter\CodeIgniter->runController(Object(App\Controllers\ReportesController))
 8 SYSTEMPATH\CodeIgniter.php(354): CodeIgniter\CodeIgniter->handleRequest(null, Object(Config\Cache), false)
 9 SYSTEMPATH\Boot.php(334): CodeIgniter\CodeIgniter->run()
10 SYSTEMPATH\Boot.php(67): CodeIgniter\Boot::runCodeIgniter(Object(CodeIgniter\CodeIgniter))
11 FCPATH\index.php(56): CodeIgniter\Boot::bootWeb(Object(Config\Paths))
12 SYSTEMPATH\rewrite.php(44): require_once('C:\\xampp\\htdocs\\comederoweb\\public\\index.php')
CRITICAL - 2025-04-11 22:32:30 --> ErrorException: Undefined array key "vecesAlimentado"
[Method: GET, Route: reportes]
in APPPATH\Views\reportes.php on line 61.
 1 APPPATH\Views\reportes.php(61): CodeIgniter\Debug\Exceptions->errorHandler(2, 'Undefined array key "vecesAlimentado"', 'C:\\xampp\\htdocs\\comederoweb\\app\\Views\\reportes.php', 61)
 2 SYSTEMPATH\View\View.php(224): include('C:\\xampp\\htdocs\\comederoweb\\app\\Views\\reportes.php')
 3 SYSTEMPATH\View\View.php(227): CodeIgniter\View\View->CodeIgniter\View\{closure}()
 4 SYSTEMPATH\Common.php(1173): CodeIgniter\View\View->render('reportes', [], true)
 5 APPPATH\Controllers\ReportesController.php(12): view('reportes', [...])
 6 SYSTEMPATH\CodeIgniter.php(933): App\Controllers\ReportesController->reportes()
 7 SYSTEMPATH\CodeIgniter.php(507): CodeIgniter\CodeIgniter->runController(Object(App\Controllers\ReportesController))
 8 SYSTEMPATH\CodeIgniter.php(354): CodeIgniter\CodeIgniter->handleRequest(null, Object(Config\Cache), false)
 9 SYSTEMPATH\Boot.php(334): CodeIgniter\CodeIgniter->run()
10 SYSTEMPATH\Boot.php(67): CodeIgniter\Boot::runCodeIgniter(Object(CodeIgniter\CodeIgniter))
11 FCPATH\index.php(56): CodeIgniter\Boot::bootWeb(Object(Config\Paths))
12 SYSTEMPATH\rewrite.php(44): require_once('C:\\xampp\\htdocs\\comederoweb\\public\\index.php')
CRITICAL - 2025-04-11 22:33:32 --> ErrorException: Undefined array key "vecesAlimentado"
[Method: GET, Route: Reportes]
in APPPATH\Views\Reportes.php on line 61.
 1 APPPATH\Views\Reportes.php(61): CodeIgniter\Debug\Exceptions->errorHandler(2, 'Undefined array key "vecesAlimentado"', 'C:\\xampp\\htdocs\\comederoweb\\app\\Views\\Reportes.php', 61)
 2 SYSTEMPATH\View\View.php(224): include('C:\\xampp\\htdocs\\comederoweb\\app\\Views\\Reportes.php')
 3 SYSTEMPATH\View\View.php(227): CodeIgniter\View\View->CodeIgniter\View\{closure}()
 4 SYSTEMPATH\Common.php(1173): CodeIgniter\View\View->render('reportes', [], true)
 5 APPPATH\Controllers\ReportesController.php(12): view('reportes', [...])
 6 SYSTEMPATH\CodeIgniter.php(933): App\Controllers\ReportesController->reportes()
 7 SYSTEMPATH\CodeIgniter.php(507): CodeIgniter\CodeIgniter->runController(Object(App\Controllers\ReportesController))
 8 SYSTEMPATH\CodeIgniter.php(354): CodeIgniter\CodeIgniter->handleRequest(null, Object(Config\Cache), false)
 9 SYSTEMPATH\Boot.php(334): CodeIgniter\CodeIgniter->run()
10 SYSTEMPATH\Boot.php(67): CodeIgniter\Boot::runCodeIgniter(Object(CodeIgniter\CodeIgniter))
11 FCPATH\index.php(56): CodeIgniter\Boot::bootWeb(Object(Config\Paths))
12 SYSTEMPATH\rewrite.php(44): require_once('C:\\xampp\\htdocs\\comederoweb\\public\\index.php')
CRITICAL - 2025-04-11 22:33:47 --> ErrorException: Undefined array key "vecesAlimentado"
[Method: GET, Route: Reportes]
in APPPATH\Views\Reportes.php on line 61.
 1 APPPATH\Views\Reportes.php(61): CodeIgniter\Debug\Exceptions->errorHandler(2, 'Undefined array key "vecesAlimentado"', 'C:\\xampp\\htdocs\\comederoweb\\app\\Views\\Reportes.php', 61)
 2 SYSTEMPATH\View\View.php(224): include('C:\\xampp\\htdocs\\comederoweb\\app\\Views\\Reportes.php')
 3 SYSTEMPATH\View\View.php(227): CodeIgniter\View\View->CodeIgniter\View\{closure}()
 4 SYSTEMPATH\Common.php(1173): CodeIgniter\View\View->render('reportes', [], true)
 5 APPPATH\Controllers\ReportesController.php(12): view('reportes', [...])
 6 SYSTEMPATH\CodeIgniter.php(933): App\Controllers\ReportesController->reportes()
 7 SYSTEMPATH\CodeIgniter.php(507): CodeIgniter\CodeIgniter->runController(Object(App\Controllers\ReportesController))
 8 SYSTEMPATH\CodeIgniter.php(354): CodeIgniter\CodeIgniter->handleRequest(null, Object(Config\Cache), false)
 9 SYSTEMPATH\Boot.php(334): CodeIgniter\CodeIgniter->run()
10 SYSTEMPATH\Boot.php(67): CodeIgniter\Boot::runCodeIgniter(Object(CodeIgniter\CodeIgniter))
11 FCPATH\index.php(56): CodeIgniter\Boot::bootWeb(Object(Config\Paths))
12 SYSTEMPATH\rewrite.php(44): require_once('C:\\xampp\\htdocs\\comederoweb\\public\\index.php')
CRITICAL - 2025-04-11 22:33:49 --> ErrorException: Undefined array key "vecesAlimentado"
[Method: GET, Route: Reportes]
in APPPATH\Views\Reportes.php on line 61.
 1 APPPATH\Views\Reportes.php(61): CodeIgniter\Debug\Exceptions->errorHandler(2, 'Undefined array key "vecesAlimentado"', 'C:\\xampp\\htdocs\\comederoweb\\app\\Views\\Reportes.php', 61)
 2 SYSTEMPATH\View\View.php(224): include('C:\\xampp\\htdocs\\comederoweb\\app\\Views\\Reportes.php')
 3 SYSTEMPATH\View\View.php(227): CodeIgniter\View\View->CodeIgniter\View\{closure}()
 4 SYSTEMPATH\Common.php(1173): CodeIgniter\View\View->render('reportes', [], true)
 5 APPPATH\Controllers\ReportesController.php(12): view('reportes', [...])
 6 SYSTEMPATH\CodeIgniter.php(933): App\Controllers\ReportesController->reportes()
 7 SYSTEMPATH\CodeIgniter.php(507): CodeIgniter\CodeIgniter->runController(Object(App\Controllers\ReportesController))
 8 SYSTEMPATH\CodeIgniter.php(354): CodeIgniter\CodeIgniter->handleRequest(null, Object(Config\Cache), false)
 9 SYSTEMPATH\Boot.php(334): CodeIgniter\CodeIgniter->run()
10 SYSTEMPATH\Boot.php(67): CodeIgniter\Boot::runCodeIgniter(Object(CodeIgniter\CodeIgniter))
11 FCPATH\index.php(56): CodeIgniter\Boot::bootWeb(Object(Config\Paths))
12 SYSTEMPATH\rewrite.php(44): require_once('C:\\xampp\\htdocs\\comederoweb\\public\\index.php')
CRITICAL - 2025-04-11 22:33:49 --> ErrorException: Undefined array key "vecesAlimentado"
[Method: GET, Route: Reportes]
in APPPATH\Views\Reportes.php on line 61.
 1 APPPATH\Views\Reportes.php(61): CodeIgniter\Debug\Exceptions->errorHandler(2, 'Undefined array key "vecesAlimentado"', 'C:\\xampp\\htdocs\\comederoweb\\app\\Views\\Reportes.php', 61)
 2 SYSTEMPATH\View\View.php(224): include('C:\\xampp\\htdocs\\comederoweb\\app\\Views\\Reportes.php')
 3 SYSTEMPATH\View\View.php(227): CodeIgniter\View\View->CodeIgniter\View\{closure}()
 4 SYSTEMPATH\Common.php(1173): CodeIgniter\View\View->render('reportes', [], true)
 5 APPPATH\Controllers\ReportesController.php(12): view('reportes', [...])
 6 SYSTEMPATH\CodeIgniter.php(933): App\Controllers\ReportesController->reportes()
 7 SYSTEMPATH\CodeIgniter.php(507): CodeIgniter\CodeIgniter->runController(Object(App\Controllers\ReportesController))
 8 SYSTEMPATH\CodeIgniter.php(354): CodeIgniter\CodeIgniter->handleRequest(null, Object(Config\Cache), false)
 9 SYSTEMPATH\Boot.php(334): CodeIgniter\CodeIgniter->run()
10 SYSTEMPATH\Boot.php(67): CodeIgniter\Boot::runCodeIgniter(Object(CodeIgniter\CodeIgniter))
11 FCPATH\index.php(56): CodeIgniter\Boot::bootWeb(Object(Config\Paths))
12 SYSTEMPATH\rewrite.php(44): require_once('C:\\xampp\\htdocs\\comederoweb\\public\\index.php')
CRITICAL - 2025-04-11 22:33:50 --> ErrorException: Undefined array key "vecesAlimentado"
[Method: GET, Route: Reportes]
in APPPATH\Views\Reportes.php on line 61.
 1 APPPATH\Views\Reportes.php(61): CodeIgniter\Debug\Exceptions->errorHandler(2, 'Undefined array key "vecesAlimentado"', 'C:\\xampp\\htdocs\\comederoweb\\app\\Views\\Reportes.php', 61)
 2 SYSTEMPATH\View\View.php(224): include('C:\\xampp\\htdocs\\comederoweb\\app\\Views\\Reportes.php')
 3 SYSTEMPATH\View\View.php(227): CodeIgniter\View\View->CodeIgniter\View\{closure}()
 4 SYSTEMPATH\Common.php(1173): CodeIgniter\View\View->render('reportes', [], true)
 5 APPPATH\Controllers\ReportesController.php(12): view('reportes', [...])
 6 SYSTEMPATH\CodeIgniter.php(933): App\Controllers\ReportesController->reportes()
 7 SYSTEMPATH\CodeIgniter.php(507): CodeIgniter\CodeIgniter->runController(Object(App\Controllers\ReportesController))
 8 SYSTEMPATH\CodeIgniter.php(354): CodeIgniter\CodeIgniter->handleRequest(null, Object(Config\Cache), false)
 9 SYSTEMPATH\Boot.php(334): CodeIgniter\CodeIgniter->run()
10 SYSTEMPATH\Boot.php(67): CodeIgniter\Boot::runCodeIgniter(Object(CodeIgniter\CodeIgniter))
11 FCPATH\index.php(56): CodeIgniter\Boot::bootWeb(Object(Config\Paths))
12 SYSTEMPATH\rewrite.php(44): require_once('C:\\xampp\\htdocs\\comederoweb\\public\\index.php')
CRITICAL - 2025-04-11 22:33:50 --> ErrorException: Undefined array key "vecesAlimentado"
[Method: GET, Route: Reportes]
in APPPATH\Views\Reportes.php on line 61.
 1 APPPATH\Views\Reportes.php(61): CodeIgniter\Debug\Exceptions->errorHandler(2, 'Undefined array key "vecesAlimentado"', 'C:\\xampp\\htdocs\\comederoweb\\app\\Views\\Reportes.php', 61)
 2 SYSTEMPATH\View\View.php(224): include('C:\\xampp\\htdocs\\comederoweb\\app\\Views\\Reportes.php')
 3 SYSTEMPATH\View\View.php(227): CodeIgniter\View\View->CodeIgniter\View\{closure}()
 4 SYSTEMPATH\Common.php(1173): CodeIgniter\View\View->render('reportes', [], true)
 5 APPPATH\Controllers\ReportesController.php(12): view('reportes', [...])
 6 SYSTEMPATH\CodeIgniter.php(933): App\Controllers\ReportesController->reportes()
 7 SYSTEMPATH\CodeIgniter.php(507): CodeIgniter\CodeIgniter->runController(Object(App\Controllers\ReportesController))
 8 SYSTEMPATH\CodeIgniter.php(354): CodeIgniter\CodeIgniter->handleRequest(null, Object(Config\Cache), false)
 9 SYSTEMPATH\Boot.php(334): CodeIgniter\CodeIgniter->run()
10 SYSTEMPATH\Boot.php(67): CodeIgniter\Boot::runCodeIgniter(Object(CodeIgniter\CodeIgniter))
11 FCPATH\index.php(56): CodeIgniter\Boot::bootWeb(Object(Config\Paths))
12 SYSTEMPATH\rewrite.php(44): require_once('C:\\xampp\\htdocs\\comederoweb\\public\\index.php')
CRITICAL - 2025-04-11 22:36:57 --> ErrorException: Undefined variable $reportes
[Method: GET, Route: Reportes]
in APPPATH\Views\Reportes.php on line 58.
 1 APPPATH\Views\Reportes.php(58): CodeIgniter\Debug\Exceptions->errorHandler(2, 'Undefined variable $reportes', 'C:\\xampp\\htdocs\\comederoweb\\app\\Views\\Reportes.php', 58)
 2 SYSTEMPATH\View\View.php(224): include('C:\\xampp\\htdocs\\comederoweb\\app\\Views\\Reportes.php')
 3 SYSTEMPATH\View\View.php(227): CodeIgniter\View\View->CodeIgniter\View\{closure}()
 4 SYSTEMPATH\Common.php(1173): CodeIgniter\View\View->render('Reportes', [], true)
 5 APPPATH\Controllers\ReportesController.php(12): view('Reportes', [...])
 6 SYSTEMPATH\CodeIgniter.php(933): App\Controllers\ReportesController->Reportes()
 7 SYSTEMPATH\CodeIgniter.php(507): CodeIgniter\CodeIgniter->runController(Object(App\Controllers\ReportesController))
 8 SYSTEMPATH\CodeIgniter.php(354): CodeIgniter\CodeIgniter->handleRequest(null, Object(Config\Cache), false)
 9 SYSTEMPATH\Boot.php(334): CodeIgniter\CodeIgniter->run()
10 SYSTEMPATH\Boot.php(67): CodeIgniter\Boot::runCodeIgniter(Object(CodeIgniter\CodeIgniter))
11 FCPATH\index.php(56): CodeIgniter\Boot::bootWeb(Object(Config\Paths))
12 SYSTEMPATH\rewrite.php(44): require_once('C:\\xampp\\htdocs\\comederoweb\\public\\index.php')
CRITICAL - 2025-04-11 22:38:24 --> ErrorException: Undefined variable $reportes
[Method: GET, Route: Reportes]
in APPPATH\Views\Reportes.php on line 58.
 1 APPPATH\Views\Reportes.php(58): CodeIgniter\Debug\Exceptions->errorHandler(2, 'Undefined variable $reportes', 'C:\\xampp\\htdocs\\comederoweb\\app\\Views\\Reportes.php', 58)
 2 SYSTEMPATH\View\View.php(224): include('C:\\xampp\\htdocs\\comederoweb\\app\\Views\\Reportes.php')
 3 SYSTEMPATH\View\View.php(227): CodeIgniter\View\View->CodeIgniter\View\{closure}()
 4 SYSTEMPATH\Common.php(1173): CodeIgniter\View\View->render('Reportes', [], true)
 5 APPPATH\Controllers\ReportesController.php(12): view('Reportes', [...])
 6 SYSTEMPATH\CodeIgniter.php(933): App\Controllers\ReportesController->Reportes()
 7 SYSTEMPATH\CodeIgniter.php(507): CodeIgniter\CodeIgniter->runController(Object(App\Controllers\ReportesController))
 8 SYSTEMPATH\CodeIgniter.php(354): CodeIgniter\CodeIgniter->handleRequest(null, Object(Config\Cache), false)
 9 SYSTEMPATH\Boot.php(334): CodeIgniter\CodeIgniter->run()
10 SYSTEMPATH\Boot.php(67): CodeIgniter\Boot::runCodeIgniter(Object(CodeIgniter\CodeIgniter))
11 FCPATH\index.php(56): CodeIgniter\Boot::bootWeb(Object(Config\Paths))
12 SYSTEMPATH\rewrite.php(44): require_once('C:\\xampp\\htdocs\\comederoweb\\public\\index.php')
CRITICAL - 2025-04-11 22:38:24 --> ErrorException: Undefined variable $reportes
[Method: GET, Route: Reportes]
in APPPATH\Views\Reportes.php on line 58.
 1 APPPATH\Views\Reportes.php(58): CodeIgniter\Debug\Exceptions->errorHandler(2, 'Undefined variable $reportes', 'C:\\xampp\\htdocs\\comederoweb\\app\\Views\\Reportes.php', 58)
 2 SYSTEMPATH\View\View.php(224): include('C:\\xampp\\htdocs\\comederoweb\\app\\Views\\Reportes.php')
 3 SYSTEMPATH\View\View.php(227): CodeIgniter\View\View->CodeIgniter\View\{closure}()
 4 SYSTEMPATH\Common.php(1173): CodeIgniter\View\View->render('Reportes', [], true)
 5 APPPATH\Controllers\ReportesController.php(12): view('Reportes', [...])
 6 SYSTEMPATH\CodeIgniter.php(933): App\Controllers\ReportesController->Reportes()
 7 SYSTEMPATH\CodeIgniter.php(507): CodeIgniter\CodeIgniter->runController(Object(App\Controllers\ReportesController))
 8 SYSTEMPATH\CodeIgniter.php(354): CodeIgniter\CodeIgniter->handleRequest(null, Object(Config\Cache), false)
 9 SYSTEMPATH\Boot.php(334): CodeIgniter\CodeIgniter->run()
10 SYSTEMPATH\Boot.php(67): CodeIgniter\Boot::runCodeIgniter(Object(CodeIgniter\CodeIgniter))
11 FCPATH\index.php(56): CodeIgniter\Boot::bootWeb(Object(Config\Paths))
12 SYSTEMPATH\rewrite.php(44): require_once('C:\\xampp\\htdocs\\comederoweb\\public\\index.php')
CRITICAL - 2025-04-11 22:38:24 --> ErrorException: Undefined variable $reportes
[Method: GET, Route: Reportes]
in APPPATH\Views\Reportes.php on line 58.
 1 APPPATH\Views\Reportes.php(58): CodeIgniter\Debug\Exceptions->errorHandler(2, 'Undefined variable $reportes', 'C:\\xampp\\htdocs\\comederoweb\\app\\Views\\Reportes.php', 58)
 2 SYSTEMPATH\View\View.php(224): include('C:\\xampp\\htdocs\\comederoweb\\app\\Views\\Reportes.php')
 3 SYSTEMPATH\View\View.php(227): CodeIgniter\View\View->CodeIgniter\View\{closure}()
 4 SYSTEMPATH\Common.php(1173): CodeIgniter\View\View->render('Reportes', [], true)
 5 APPPATH\Controllers\ReportesController.php(12): view('Reportes', [...])
 6 SYSTEMPATH\CodeIgniter.php(933): App\Controllers\ReportesController->Reportes()
 7 SYSTEMPATH\CodeIgniter.php(507): CodeIgniter\CodeIgniter->runController(Object(App\Controllers\ReportesController))
 8 SYSTEMPATH\CodeIgniter.php(354): CodeIgniter\CodeIgniter->handleRequest(null, Object(Config\Cache), false)
 9 SYSTEMPATH\Boot.php(334): CodeIgniter\CodeIgniter->run()
10 SYSTEMPATH\Boot.php(67): CodeIgniter\Boot::runCodeIgniter(Object(CodeIgniter\CodeIgniter))
11 FCPATH\index.php(56): CodeIgniter\Boot::bootWeb(Object(Config\Paths))
12 SYSTEMPATH\rewrite.php(44): require_once('C:\\xampp\\htdocs\\comederoweb\\public\\index.php')
CRITICAL - 2025-04-11 22:38:25 --> ErrorException: Undefined variable $reportes
[Method: GET, Route: Reportes]
in APPPATH\Views\Reportes.php on line 58.
 1 APPPATH\Views\Reportes.php(58): CodeIgniter\Debug\Exceptions->errorHandler(2, 'Undefined variable $reportes', 'C:\\xampp\\htdocs\\comederoweb\\app\\Views\\Reportes.php', 58)
 2 SYSTEMPATH\View\View.php(224): include('C:\\xampp\\htdocs\\comederoweb\\app\\Views\\Reportes.php')
 3 SYSTEMPATH\View\View.php(227): CodeIgniter\View\View->CodeIgniter\View\{closure}()
 4 SYSTEMPATH\Common.php(1173): CodeIgniter\View\View->render('Reportes', [], true)
 5 APPPATH\Controllers\ReportesController.php(12): view('Reportes', [...])
 6 SYSTEMPATH\CodeIgniter.php(933): App\Controllers\ReportesController->Reportes()
 7 SYSTEMPATH\CodeIgniter.php(507): CodeIgniter\CodeIgniter->runController(Object(App\Controllers\ReportesController))
 8 SYSTEMPATH\CodeIgniter.php(354): CodeIgniter\CodeIgniter->handleRequest(null, Object(Config\Cache), false)
 9 SYSTEMPATH\Boot.php(334): CodeIgniter\CodeIgniter->run()
10 SYSTEMPATH\Boot.php(67): CodeIgniter\Boot::runCodeIgniter(Object(CodeIgniter\CodeIgniter))
11 FCPATH\index.php(56): CodeIgniter\Boot::bootWeb(Object(Config\Paths))
12 SYSTEMPATH\rewrite.php(44): require_once('C:\\xampp\\htdocs\\comederoweb\\public\\index.php')
CRITICAL - 2025-04-11 22:38:25 --> ErrorException: Undefined variable $reportes
[Method: GET, Route: Reportes]
in APPPATH\Views\Reportes.php on line 58.
 1 APPPATH\Views\Reportes.php(58): CodeIgniter\Debug\Exceptions->errorHandler(2, 'Undefined variable $reportes', 'C:\\xampp\\htdocs\\comederoweb\\app\\Views\\Reportes.php', 58)
 2 SYSTEMPATH\View\View.php(224): include('C:\\xampp\\htdocs\\comederoweb\\app\\Views\\Reportes.php')
 3 SYSTEMPATH\View\View.php(227): CodeIgniter\View\View->CodeIgniter\View\{closure}()
 4 SYSTEMPATH\Common.php(1173): CodeIgniter\View\View->render('Reportes', [], true)
 5 APPPATH\Controllers\ReportesController.php(12): view('Reportes', [...])
 6 SYSTEMPATH\CodeIgniter.php(933): App\Controllers\ReportesController->Reportes()
 7 SYSTEMPATH\CodeIgniter.php(507): CodeIgniter\CodeIgniter->runController(Object(App\Controllers\ReportesController))
 8 SYSTEMPATH\CodeIgniter.php(354): CodeIgniter\CodeIgniter->handleRequest(null, Object(Config\Cache), false)
 9 SYSTEMPATH\Boot.php(334): CodeIgniter\CodeIgniter->run()
10 SYSTEMPATH\Boot.php(67): CodeIgniter\Boot::runCodeIgniter(Object(CodeIgniter\CodeIgniter))
11 FCPATH\index.php(56): CodeIgniter\Boot::bootWeb(Object(Config\Paths))
12 SYSTEMPATH\rewrite.php(44): require_once('C:\\xampp\\htdocs\\comederoweb\\public\\index.php')
CRITICAL - 2025-04-11 22:39:33 --> ErrorException: Undefined array key "vecesAlimentado"
[Method: GET, Route: Reportes]
in APPPATH\Views\Reportes.php on line 61.
 1 APPPATH\Views\Reportes.php(61): CodeIgniter\Debug\Exceptions->errorHandler(2, 'Undefined array key "vecesAlimentado"', 'C:\\xampp\\htdocs\\comederoweb\\app\\Views\\Reportes.php', 61)
 2 SYSTEMPATH\View\View.php(224): include('C:\\xampp\\htdocs\\comederoweb\\app\\Views\\Reportes.php')
 3 SYSTEMPATH\View\View.php(227): CodeIgniter\View\View->CodeIgniter\View\{closure}()
 4 SYSTEMPATH\Common.php(1173): CodeIgniter\View\View->render('Reportes', [], true)
 5 APPPATH\Controllers\ReportesController.php(12): view('Reportes', [...])
 6 SYSTEMPATH\CodeIgniter.php(933): App\Controllers\ReportesController->Reportes()
 7 SYSTEMPATH\CodeIgniter.php(507): CodeIgniter\CodeIgniter->runController(Object(App\Controllers\ReportesController))
 8 SYSTEMPATH\CodeIgniter.php(354): CodeIgniter\CodeIgniter->handleRequest(null, Object(Config\Cache), false)
 9 SYSTEMPATH\Boot.php(334): CodeIgniter\CodeIgniter->run()
10 SYSTEMPATH\Boot.php(67): CodeIgniter\Boot::runCodeIgniter(Object(CodeIgniter\CodeIgniter))
11 FCPATH\index.php(56): CodeIgniter\Boot::bootWeb(Object(Config\Paths))
12 SYSTEMPATH\rewrite.php(44): require_once('C:\\xampp\\htdocs\\comederoweb\\public\\index.php')
CRITICAL - 2025-04-11 22:39:34 --> ErrorException: Undefined array key "vecesAlimentado"
[Method: GET, Route: Reportes]
in APPPATH\Views\Reportes.php on line 61.
 1 APPPATH\Views\Reportes.php(61): CodeIgniter\Debug\Exceptions->errorHandler(2, 'Undefined array key "vecesAlimentado"', 'C:\\xampp\\htdocs\\comederoweb\\app\\Views\\Reportes.php', 61)
 2 SYSTEMPATH\View\View.php(224): include('C:\\xampp\\htdocs\\comederoweb\\app\\Views\\Reportes.php')
 3 SYSTEMPATH\View\View.php(227): CodeIgniter\View\View->CodeIgniter\View\{closure}()
 4 SYSTEMPATH\Common.php(1173): CodeIgniter\View\View->render('Reportes', [], true)
 5 APPPATH\Controllers\ReportesController.php(12): view('Reportes', [...])
 6 SYSTEMPATH\CodeIgniter.php(933): App\Controllers\ReportesController->Reportes()
 7 SYSTEMPATH\CodeIgniter.php(507): CodeIgniter\CodeIgniter->runController(Object(App\Controllers\ReportesController))
 8 SYSTEMPATH\CodeIgniter.php(354): CodeIgniter\CodeIgniter->handleRequest(null, Object(Config\Cache), false)
 9 SYSTEMPATH\Boot.php(334): CodeIgniter\CodeIgniter->run()
10 SYSTEMPATH\Boot.php(67): CodeIgniter\Boot::runCodeIgniter(Object(CodeIgniter\CodeIgniter))
11 FCPATH\index.php(56): CodeIgniter\Boot::bootWeb(Object(Config\Paths))
12 SYSTEMPATH\rewrite.php(44): require_once('C:\\xampp\\htdocs\\comederoweb\\public\\index.php')
CRITICAL - 2025-04-11 22:39:34 --> ErrorException: Undefined array key "vecesAlimentado"
[Method: GET, Route: Reportes]
in APPPATH\Views\Reportes.php on line 61.
 1 APPPATH\Views\Reportes.php(61): CodeIgniter\Debug\Exceptions->errorHandler(2, 'Undefined array key "vecesAlimentado"', 'C:\\xampp\\htdocs\\comederoweb\\app\\Views\\Reportes.php', 61)
 2 SYSTEMPATH\View\View.php(224): include('C:\\xampp\\htdocs\\comederoweb\\app\\Views\\Reportes.php')
 3 SYSTEMPATH\View\View.php(227): CodeIgniter\View\View->CodeIgniter\View\{closure}()
 4 SYSTEMPATH\Common.php(1173): CodeIgniter\View\View->render('Reportes', [], true)
 5 APPPATH\Controllers\ReportesController.php(12): view('Reportes', [...])
 6 SYSTEMPATH\CodeIgniter.php(933): App\Controllers\ReportesController->Reportes()
 7 SYSTEMPATH\CodeIgniter.php(507): CodeIgniter\CodeIgniter->runController(Object(App\Controllers\ReportesController))
 8 SYSTEMPATH\CodeIgniter.php(354): CodeIgniter\CodeIgniter->handleRequest(null, Object(Config\Cache), false)
 9 SYSTEMPATH\Boot.php(334): CodeIgniter\CodeIgniter->run()
10 SYSTEMPATH\Boot.php(67): CodeIgniter\Boot::runCodeIgniter(Object(CodeIgniter\CodeIgniter))
11 FCPATH\index.php(56): CodeIgniter\Boot::bootWeb(Object(Config\Paths))
12 SYSTEMPATH\rewrite.php(44): require_once('C:\\xampp\\htdocs\\comederoweb\\public\\index.php')
CRITICAL - 2025-04-11 22:39:35 --> ErrorException: Undefined array key "vecesAlimentado"
[Method: GET, Route: Reportes]
in APPPATH\Views\Reportes.php on line 61.
 1 APPPATH\Views\Reportes.php(61): CodeIgniter\Debug\Exceptions->errorHandler(2, 'Undefined array key "vecesAlimentado"', 'C:\\xampp\\htdocs\\comederoweb\\app\\Views\\Reportes.php', 61)
 2 SYSTEMPATH\View\View.php(224): include('C:\\xampp\\htdocs\\comederoweb\\app\\Views\\Reportes.php')
 3 SYSTEMPATH\View\View.php(227): CodeIgniter\View\View->CodeIgniter\View\{closure}()
 4 SYSTEMPATH\Common.php(1173): CodeIgniter\View\View->render('Reportes', [], true)
 5 APPPATH\Controllers\ReportesController.php(12): view('Reportes', [...])
 6 SYSTEMPATH\CodeIgniter.php(933): App\Controllers\ReportesController->Reportes()
 7 SYSTEMPATH\CodeIgniter.php(507): CodeIgniter\CodeIgniter->runController(Object(App\Controllers\ReportesController))
 8 SYSTEMPATH\CodeIgniter.php(354): CodeIgniter\CodeIgniter->handleRequest(null, Object(Config\Cache), false)
 9 SYSTEMPATH\Boot.php(334): CodeIgniter\CodeIgniter->run()
10 SYSTEMPATH\Boot.php(67): CodeIgniter\Boot::runCodeIgniter(Object(CodeIgniter\CodeIgniter))
11 FCPATH\index.php(56): CodeIgniter\Boot::bootWeb(Object(Config\Paths))
12 SYSTEMPATH\rewrite.php(44): require_once('C:\\xampp\\htdocs\\comederoweb\\public\\index.php')
CRITICAL - 2025-04-11 22:39:35 --> ErrorException: Undefined array key "vecesAlimentado"
[Method: GET, Route: Reportes]
in APPPATH\Views\Reportes.php on line 61.
 1 APPPATH\Views\Reportes.php(61): CodeIgniter\Debug\Exceptions->errorHandler(2, 'Undefined array key "vecesAlimentado"', 'C:\\xampp\\htdocs\\comederoweb\\app\\Views\\Reportes.php', 61)
 2 SYSTEMPATH\View\View.php(224): include('C:\\xampp\\htdocs\\comederoweb\\app\\Views\\Reportes.php')
 3 SYSTEMPATH\View\View.php(227): CodeIgniter\View\View->CodeIgniter\View\{closure}()
 4 SYSTEMPATH\Common.php(1173): CodeIgniter\View\View->render('Reportes', [], true)
 5 APPPATH\Controllers\ReportesController.php(12): view('Reportes', [...])
 6 SYSTEMPATH\CodeIgniter.php(933): App\Controllers\ReportesController->Reportes()
 7 SYSTEMPATH\CodeIgniter.php(507): CodeIgniter\CodeIgniter->runController(Object(App\Controllers\ReportesController))
 8 SYSTEMPATH\CodeIgniter.php(354): CodeIgniter\CodeIgniter->handleRequest(null, Object(Config\Cache), false)
 9 SYSTEMPATH\Boot.php(334): CodeIgniter\CodeIgniter->run()
10 SYSTEMPATH\Boot.php(67): CodeIgniter\Boot::runCodeIgniter(Object(CodeIgniter\CodeIgniter))
11 FCPATH\index.php(56): CodeIgniter\Boot::bootWeb(Object(Config\Paths))
12 SYSTEMPATH\rewrite.php(44): require_once('C:\\xampp\\htdocs\\comederoweb\\public\\index.php')
CRITICAL - 2025-04-11 22:39:35 --> ErrorException: Undefined array key "vecesAlimentado"
[Method: GET, Route: Reportes]
in APPPATH\Views\Reportes.php on line 61.
 1 APPPATH\Views\Reportes.php(61): CodeIgniter\Debug\Exceptions->errorHandler(2, 'Undefined array key "vecesAlimentado"', 'C:\\xampp\\htdocs\\comederoweb\\app\\Views\\Reportes.php', 61)
 2 SYSTEMPATH\View\View.php(224): include('C:\\xampp\\htdocs\\comederoweb\\app\\Views\\Reportes.php')
 3 SYSTEMPATH\View\View.php(227): CodeIgniter\View\View->CodeIgniter\View\{closure}()
 4 SYSTEMPATH\Common.php(1173): CodeIgniter\View\View->render('Reportes', [], true)
 5 APPPATH\Controllers\ReportesController.php(12): view('Reportes', [...])
 6 SYSTEMPATH\CodeIgniter.php(933): App\Controllers\ReportesController->Reportes()
 7 SYSTEMPATH\CodeIgniter.php(507): CodeIgniter\CodeIgniter->runController(Object(App\Controllers\ReportesController))
 8 SYSTEMPATH\CodeIgniter.php(354): CodeIgniter\CodeIgniter->handleRequest(null, Object(Config\Cache), false)
 9 SYSTEMPATH\Boot.php(334): CodeIgniter\CodeIgniter->run()
10 SYSTEMPATH\Boot.php(67): CodeIgniter\Boot::runCodeIgniter(Object(CodeIgniter\CodeIgniter))
11 FCPATH\index.php(56): CodeIgniter\Boot::bootWeb(Object(Config\Paths))
12 SYSTEMPATH\rewrite.php(44): require_once('C:\\xampp\\htdocs\\comederoweb\\public\\index.php')
CRITICAL - 2025-04-11 22:39:38 --> ErrorException: Undefined array key "vecesAlimentado"
[Method: GET, Route: Reportes]
in APPPATH\Views\Reportes.php on line 61.
 1 APPPATH\Views\Reportes.php(61): CodeIgniter\Debug\Exceptions->errorHandler(2, 'Undefined array key "vecesAlimentado"', 'C:\\xampp\\htdocs\\comederoweb\\app\\Views\\Reportes.php', 61)
 2 SYSTEMPATH\View\View.php(224): include('C:\\xampp\\htdocs\\comederoweb\\app\\Views\\Reportes.php')
 3 SYSTEMPATH\View\View.php(227): CodeIgniter\View\View->CodeIgniter\View\{closure}()
 4 SYSTEMPATH\Common.php(1173): CodeIgniter\View\View->render('Reportes', [], true)
 5 APPPATH\Controllers\ReportesController.php(12): view('Reportes', [...])
 6 SYSTEMPATH\CodeIgniter.php(933): App\Controllers\ReportesController->Reportes()
 7 SYSTEMPATH\CodeIgniter.php(507): CodeIgniter\CodeIgniter->runController(Object(App\Controllers\ReportesController))
 8 SYSTEMPATH\CodeIgniter.php(354): CodeIgniter\CodeIgniter->handleRequest(null, Object(Config\Cache), false)
 9 SYSTEMPATH\Boot.php(334): CodeIgniter\CodeIgniter->run()
10 SYSTEMPATH\Boot.php(67): CodeIgniter\Boot::runCodeIgniter(Object(CodeIgniter\CodeIgniter))
11 FCPATH\index.php(56): CodeIgniter\Boot::bootWeb(Object(Config\Paths))
12 SYSTEMPATH\rewrite.php(44): require_once('C:\\xampp\\htdocs\\comederoweb\\public\\index.php')
CRITICAL - 2025-04-11 22:40:15 --> ErrorException: Undefined array key "vecesAlimentado"
[Method: GET, Route: Reportes]
in APPPATH\Views\Reportes.php on line 61.
 1 APPPATH\Views\Reportes.php(61): CodeIgniter\Debug\Exceptions->errorHandler(2, 'Undefined array key "vecesAlimentado"', 'C:\\xampp\\htdocs\\comederoweb\\app\\Views\\Reportes.php', 61)
 2 SYSTEMPATH\View\View.php(224): include('C:\\xampp\\htdocs\\comederoweb\\app\\Views\\Reportes.php')
 3 SYSTEMPATH\View\View.php(227): CodeIgniter\View\View->CodeIgniter\View\{closure}()
 4 SYSTEMPATH\Common.php(1173): CodeIgniter\View\View->render('Reportes', [], true)
 5 APPPATH\Controllers\ReportesController.php(12): view('Reportes', [...])
 6 SYSTEMPATH\CodeIgniter.php(933): App\Controllers\ReportesController->Reportes()
 7 SYSTEMPATH\CodeIgniter.php(507): CodeIgniter\CodeIgniter->runController(Object(App\Controllers\ReportesController))
 8 SYSTEMPATH\CodeIgniter.php(354): CodeIgniter\CodeIgniter->handleRequest(null, Object(Config\Cache), false)
 9 SYSTEMPATH\Boot.php(334): CodeIgniter\CodeIgniter->run()
10 SYSTEMPATH\Boot.php(67): CodeIgniter\Boot::runCodeIgniter(Object(CodeIgniter\CodeIgniter))
11 FCPATH\index.php(56): CodeIgniter\Boot::bootWeb(Object(Config\Paths))
12 SYSTEMPATH\rewrite.php(44): require_once('C:\\xampp\\htdocs\\comederoweb\\public\\index.php')
CRITICAL - 2025-04-11 22:42:35 --> ErrorException: Undefined array key "vecesAlimentado"
[Method: GET, Route: Reportes]
in APPPATH\Views\Reportes.php on line 61.
 1 APPPATH\Views\Reportes.php(61): CodeIgniter\Debug\Exceptions->errorHandler(2, 'Undefined array key "vecesAlimentado"', 'C:\\xampp\\htdocs\\comederoweb\\app\\Views\\Reportes.php', 61)
 2 SYSTEMPATH\View\View.php(224): include('C:\\xampp\\htdocs\\comederoweb\\app\\Views\\Reportes.php')
 3 SYSTEMPATH\View\View.php(227): CodeIgniter\View\View->CodeIgniter\View\{closure}()
 4 SYSTEMPATH\Common.php(1173): CodeIgniter\View\View->render('Reportes', [], true)
 5 APPPATH\Controllers\ReportesController.php(12): view('Reportes', [...])
 6 SYSTEMPATH\CodeIgniter.php(933): App\Controllers\ReportesController->Reportes()
 7 SYSTEMPATH\CodeIgniter.php(507): CodeIgniter\CodeIgniter->runController(Object(App\Controllers\ReportesController))
 8 SYSTEMPATH\CodeIgniter.php(354): CodeIgniter\CodeIgniter->handleRequest(null, Object(Config\Cache), false)
 9 SYSTEMPATH\Boot.php(334): CodeIgniter\CodeIgniter->run()
10 SYSTEMPATH\Boot.php(67): CodeIgniter\Boot::runCodeIgniter(Object(CodeIgniter\CodeIgniter))
11 FCPATH\index.php(56): CodeIgniter\Boot::bootWeb(Object(Config\Paths))
12 SYSTEMPATH\rewrite.php(44): require_once('C:\\xampp\\htdocs\\comederoweb\\public\\index.php')
CRITICAL - 2025-04-11 22:46:05 --> ErrorException: Undefined array key "vecesAlimentado"
[Method: GET, Route: Reportes]
in APPPATH\Views\Reportes.php on line 61.
 1 APPPATH\Views\Reportes.php(61): CodeIgniter\Debug\Exceptions->errorHandler(2, 'Undefined array key "vecesAlimentado"', 'C:\\xampp\\htdocs\\comederoweb\\app\\Views\\Reportes.php', 61)
 2 SYSTEMPATH\View\View.php(224): include('C:\\xampp\\htdocs\\comederoweb\\app\\Views\\Reportes.php')
 3 SYSTEMPATH\View\View.php(227): CodeIgniter\View\View->CodeIgniter\View\{closure}()
 4 SYSTEMPATH\Common.php(1173): CodeIgniter\View\View->render('Reportes', [], true)
 5 APPPATH\Controllers\ReportesController.php(12): view('Reportes', [...])
 6 SYSTEMPATH\CodeIgniter.php(933): App\Controllers\ReportesController->Reportes()
 7 SYSTEMPATH\CodeIgniter.php(507): CodeIgniter\CodeIgniter->runController(Object(App\Controllers\ReportesController))
 8 SYSTEMPATH\CodeIgniter.php(354): CodeIgniter\CodeIgniter->handleRequest(null, Object(Config\Cache), false)
 9 SYSTEMPATH\Boot.php(334): CodeIgniter\CodeIgniter->run()
10 SYSTEMPATH\Boot.php(67): CodeIgniter\Boot::runCodeIgniter(Object(CodeIgniter\CodeIgniter))
11 FCPATH\index.php(56): CodeIgniter\Boot::bootWeb(Object(Config\Paths))
12 SYSTEMPATH\rewrite.php(44): require_once('C:\\xampp\\htdocs\\comederoweb\\public\\index.php')
