CRITICAL - 2025-04-10 08:08:24 --> Error: Class "App\Models\LoteModel" not found
[Method: POST, Route: guardarLote]
in APPPATH\Controllers\LoteController.php on line 40.
 1 SYSTEMPATH\CodeIgniter.php(933): App\Controllers\LoteController->guardarLote()
 2 SYSTEMPATH\CodeIgniter.php(507): CodeIgniter\CodeIgniter->runController(Object(App\Controllers\LoteController))
 3 SYSTEMPATH\CodeIgniter.php(354): CodeIgniter\CodeIgniter->handleRequest(null, Object(Config\Cache), false)
 4 SYSTEMPATH\Boot.php(334): CodeIgniter\CodeIgniter->run()
 5 SYSTEMPATH\Boot.php(67): CodeIgniter\Boot::runCodeIgniter(Object(CodeIgniter\CodeIgniter))
 6 FCPATH\index.php(56): CodeIgniter\Boot::bootWeb(Object(Config\Paths))
 7 SYSTEMPATH\rewrite.php(44): require_once('C:\\xampp\\htdocs\\comederoweb\\public\\index.php')
CRITICAL - 2025-04-10 08:09:16 --> Error: Class "App\Models\LoteModel" not found
[Method: POST, Route: guardarLote]
in APPPATH\Controllers\LoteController.php on line 40.
 1 SYSTEMPATH\CodeIgniter.php(933): App\Controllers\LoteController->guardarLote()
 2 SYSTEMPATH\CodeIgniter.php(507): CodeIgniter\CodeIgniter->runController(Object(App\Controllers\LoteController))
 3 SYSTEMPATH\CodeIgniter.php(354): CodeIgniter\CodeIgniter->handleRequest(null, Object(Config\Cache), false)
 4 SYSTEMPATH\Boot.php(334): CodeIgniter\CodeIgniter->run()
 5 SYSTEMPATH\Boot.php(67): CodeIgniter\Boot::runCodeIgniter(Object(CodeIgniter\CodeIgniter))
 6 FCPATH\index.php(56): CodeIgniter\Boot::bootWeb(Object(Config\Paths))
 7 SYSTEMPATH\rewrite.php(44): require_once('C:\\xampp\\htdocs\\comederoweb\\public\\index.php')
CRITICAL - 2025-04-10 08:11:50 --> Error: Class "App\Models\LoteModel" not found
[Method: POST, Route: guardarLote]
in APPPATH\Controllers\LoteController.php on line 40.
 1 SYSTEMPATH\CodeIgniter.php(933): App\Controllers\LoteController->guardarLote()
 2 SYSTEMPATH\CodeIgniter.php(507): CodeIgniter\CodeIgniter->runController(Object(App\Controllers\LoteController))
 3 SYSTEMPATH\CodeIgniter.php(354): CodeIgniter\CodeIgniter->handleRequest(null, Object(Config\Cache), false)
 4 SYSTEMPATH\Boot.php(334): CodeIgniter\CodeIgniter->run()
 5 SYSTEMPATH\Boot.php(67): CodeIgniter\Boot::runCodeIgniter(Object(CodeIgniter\CodeIgniter))
 6 FCPATH\index.php(56): CodeIgniter\Boot::bootWeb(Object(Config\Paths))
 7 SYSTEMPATH\rewrite.php(44): require_once('C:\\xampp\\htdocs\\comederoweb\\public\\index.php')
CRITICAL - 2025-04-10 08:14:51 --> Error: Class "App\Models\LoteModel" not found
[Method: POST, Route: guardarLote]
in APPPATH\Controllers\LoteController.php on line 35.
 1 SYSTEMPATH\CodeIgniter.php(933): App\Controllers\LoteController->guardarLote()
 2 SYSTEMPATH\CodeIgniter.php(507): CodeIgniter\CodeIgniter->runController(Object(App\Controllers\LoteController))
 3 SYSTEMPATH\CodeIgniter.php(354): CodeIgniter\CodeIgniter->handleRequest(null, Object(Config\Cache), false)
 4 SYSTEMPATH\Boot.php(334): CodeIgniter\CodeIgniter->run()
 5 SYSTEMPATH\Boot.php(67): CodeIgniter\Boot::runCodeIgniter(Object(CodeIgniter\CodeIgniter))
 6 FCPATH\index.php(56): CodeIgniter\Boot::bootWeb(Object(Config\Paths))
 7 SYSTEMPATH\rewrite.php(44): require_once('C:\\xampp\\htdocs\\comederoweb\\public\\index.php')
CRITICAL - 2025-04-10 08:16:52 --> Error: Class "App\Models\LoteModel" not found
[Method: POST, Route: guardarLote]
in APPPATH\Controllers\LoteController.php on line 40.
 1 SYSTEMPATH\CodeIgniter.php(933): App\Controllers\LoteController->guardarLote()
 2 SYSTEMPATH\CodeIgniter.php(507): CodeIgniter\CodeIgniter->runController(Object(App\Controllers\LoteController))
 3 SYSTEMPATH\CodeIgniter.php(354): CodeIgniter\CodeIgniter->handleRequest(null, Object(Config\Cache), false)
 4 SYSTEMPATH\Boot.php(334): CodeIgniter\CodeIgniter->run()
 5 SYSTEMPATH\Boot.php(67): CodeIgniter\Boot::runCodeIgniter(Object(CodeIgniter\CodeIgniter))
 6 FCPATH\index.php(56): CodeIgniter\Boot::bootWeb(Object(Config\Paths))
 7 SYSTEMPATH\rewrite.php(44): require_once('C:\\xampp\\htdocs\\comederoweb\\public\\index.php')
CRITICAL - 2025-04-10 08:17:26 --> Error: Class "App\Models\LoteModel" not found
[Method: POST, Route: guardarLote]
in APPPATH\Controllers\LoteController.php on line 40.
 1 SYSTEMPATH\CodeIgniter.php(933): App\Controllers\LoteController->guardarLote()
 2 SYSTEMPATH\CodeIgniter.php(507): CodeIgniter\CodeIgniter->runController(Object(App\Controllers\LoteController))
 3 SYSTEMPATH\CodeIgniter.php(354): CodeIgniter\CodeIgniter->handleRequest(null, Object(Config\Cache), false)
 4 SYSTEMPATH\Boot.php(334): CodeIgniter\CodeIgniter->run()
 5 SYSTEMPATH\Boot.php(67): CodeIgniter\Boot::runCodeIgniter(Object(CodeIgniter\CodeIgniter))
 6 FCPATH\index.php(56): CodeIgniter\Boot::bootWeb(Object(Config\Paths))
 7 SYSTEMPATH\rewrite.php(44): require_once('C:\\xampp\\htdocs\\comederoweb\\public\\index.php')
CRITICAL - 2025-04-10 08:21:51 --> Error: Class "App\Models\LoteModel" not found
[Method: POST, Route: guardarLote]
in APPPATH\Controllers\LoteController.php on line 40.
 1 SYSTEMPATH\CodeIgniter.php(933): App\Controllers\LoteController->guardarLote()
 2 SYSTEMPATH\CodeIgniter.php(507): CodeIgniter\CodeIgniter->runController(Object(App\Controllers\LoteController))
 3 SYSTEMPATH\CodeIgniter.php(354): CodeIgniter\CodeIgniter->handleRequest(null, Object(Config\Cache), false)
 4 SYSTEMPATH\Boot.php(334): CodeIgniter\CodeIgniter->run()
 5 SYSTEMPATH\Boot.php(67): CodeIgniter\Boot::runCodeIgniter(Object(CodeIgniter\CodeIgniter))
 6 FCPATH\index.php(56): CodeIgniter\Boot::bootWeb(Object(Config\Paths))
 7 SYSTEMPATH\rewrite.php(44): require_once('C:\\xampp\\htdocs\\comederoweb\\public\\index.php')
ERROR - 2025-04-10 08:24:18 --> mysqli_sql_exception: Unknown column 'peso_promedio_inicial' in 'field list' in C:\xampp\htdocs\comederoweb\system\Database\MySQLi\Connection.php:327
Stack trace:
#0 C:\xampp\htdocs\comederoweb\system\Database\MySQLi\Connection.php(327): mysqli->query('INSERT INTO `lo...', 0)
#1 C:\xampp\htdocs\comederoweb\system\Database\BaseConnection.php(738): CodeIgniter\Database\MySQLi\Connection->execute('INSERT INTO `lo...')
#2 C:\xampp\htdocs\comederoweb\system\Database\BaseConnection.php(652): CodeIgniter\Database\BaseConnection->simpleQuery('INSERT INTO `lo...')
#3 C:\xampp\htdocs\comederoweb\system\Database\BaseBuilder.php(2345): CodeIgniter\Database\BaseConnection->query('INSERT INTO `lo...', Array, false)
#4 C:\xampp\htdocs\comederoweb\system\Model.php(394): CodeIgniter\Database\BaseBuilder->insert()
#5 C:\xampp\htdocs\comederoweb\system\BaseModel.php(839): CodeIgniter\Model->doInsert(Array)
#6 C:\xampp\htdocs\comederoweb\system\Model.php(800): CodeIgniter\BaseModel->insert(Array, true)
#7 C:\xampp\htdocs\comederoweb\app\Controllers\LoteController.php(41): CodeIgniter\Model->insert(Array)
#8 C:\xampp\htdocs\comederoweb\system\CodeIgniter.php(933): App\Controllers\LoteController->guardarLote()
#9 C:\xampp\htdocs\comederoweb\system\CodeIgniter.php(507): CodeIgniter\CodeIgniter->runController(Object(App\Controllers\LoteController))
#10 C:\xampp\htdocs\comederoweb\system\CodeIgniter.php(354): CodeIgniter\CodeIgniter->handleRequest(NULL, Object(Config\Cache), false)
#11 C:\xampp\htdocs\comederoweb\system\Boot.php(334): CodeIgniter\CodeIgniter->run()
#12 C:\xampp\htdocs\comederoweb\system\Boot.php(67): CodeIgniter\Boot::runCodeIgniter(Object(CodeIgniter\CodeIgniter))
#13 C:\xampp\htdocs\comederoweb\public\index.php(56): CodeIgniter\Boot::bootWeb(Object(Config\Paths))
#14 C:\xampp\htdocs\comederoweb\system\rewrite.php(44): require_once('C:\\xampp\\htdocs...')
#15 {main}
